The system is: Linux - 4.15.0-70-generic - x86_64
Compiling the C compiler identification source file "CMakeCCompilerId.c" succeeded.
Compiler: /usr/bin/cc 
Build flags: 
Id flags: 

The output was:
0


Compilation of the C compiler identification source "CMakeCCompilerId.c" produced "a.out"

The C compiler identification is GNU, found in "/home/dvrk-lite/ws_moveit_test/src/openrave/build/CMakeFiles/3.5.1/CompilerIdC/a.out"

Compiling the CXX compiler identification source file "CMakeCXXCompilerId.cpp" succeeded.
Compiler: /usr/bin/c++ 
Build flags: 
Id flags: 

The output was:
0


Compilation of the CXX compiler identification source "CMakeCXXCompilerId.cpp" produced "a.out"

The CXX compiler identification is GNU, found in "/home/dvrk-lite/ws_moveit_test/src/openrave/build/CMakeFiles/3.5.1/CompilerIdCXX/a.out"

Determining if the C compiler works passed with the following output:
Change Dir: /home/dvrk-lite/ws_moveit_test/src/openrave/build/CMakeFiles/CMakeTmp

Run Build Command:"/usr/bin/make" "cmTC_b4aa1/fast"
/usr/bin/make -f CMakeFiles/cmTC_b4aa1.dir/build.make CMakeFiles/cmTC_b4aa1.dir/build
make[1]: Entering directory '/home/dvrk-lite/ws_moveit_test/src/openrave/build/CMakeFiles/CMakeTmp'
Building C object CMakeFiles/cmTC_b4aa1.dir/testCCompiler.c.o
/usr/bin/cc     -o CMakeFiles/cmTC_b4aa1.dir/testCCompiler.c.o   -c /home/dvrk-lite/ws_moveit_test/src/openrave/build/CMakeFiles/CMakeTmp/testCCompiler.c
Linking C executable cmTC_b4aa1
/usr/bin/cmake -E cmake_link_script CMakeFiles/cmTC_b4aa1.dir/link.txt --verbose=1
/usr/bin/cc       CMakeFiles/cmTC_b4aa1.dir/testCCompiler.c.o  -o cmTC_b4aa1 -rdynamic 
make[1]: Leaving directory '/home/dvrk-lite/ws_moveit_test/src/openrave/build/CMakeFiles/CMakeTmp'


Detecting C compiler ABI info compiled with the following output:
Change Dir: /home/dvrk-lite/ws_moveit_test/src/openrave/build/CMakeFiles/CMakeTmp

Run Build Command:"/usr/bin/make" "cmTC_b8813/fast"
/usr/bin/make -f CMakeFiles/cmTC_b8813.dir/build.make CMakeFiles/cmTC_b8813.dir/build
make[1]: Entering directory '/home/dvrk-lite/ws_moveit_test/src/openrave/build/CMakeFiles/CMakeTmp'
Building C object CMakeFiles/cmTC_b8813.dir/CMakeCCompilerABI.c.o
/usr/bin/cc     -o CMakeFiles/cmTC_b8813.dir/CMakeCCompilerABI.c.o   -c /usr/share/cmake-3.5/Modules/CMakeCCompilerABI.c
Linking C executable cmTC_b8813
/usr/bin/cmake -E cmake_link_script CMakeFiles/cmTC_b8813.dir/link.txt --verbose=1
/usr/bin/cc      -v CMakeFiles/cmTC_b8813.dir/CMakeCCompilerABI.c.o  -o cmTC_b8813 -rdynamic  
Using built-in specs.
COLLECT_GCC=/usr/bin/cc
COLLECT_LTO_WRAPPER=/usr/lib/gcc/x86_64-linux-gnu/5/lto-wrapper
Target: x86_64-linux-gnu
Configured with: ../src/configure -v --with-pkgversion='Ubuntu 5.4.0-6ubuntu1~16.04.12' --with-bugurl=file:///usr/share/doc/gcc-5/README.Bugs --enable-languages=c,ada,c++,java,go,d,fortran,objc,obj-c++ --prefix=/usr --program-suffix=-5 --enable-shared --enable-linker-build-id --libexecdir=/usr/lib --without-included-gettext --enable-threads=posix --libdir=/usr/lib --enable-nls --with-sysroot=/ --enable-clocale=gnu --enable-libstdcxx-debug --enable-libstdcxx-time=yes --with-default-libstdcxx-abi=new --enable-gnu-unique-object --disable-vtable-verify --enable-libmpx --enable-plugin --with-system-zlib --disable-browser-plugin --enable-java-awt=gtk --enable-gtk-cairo --with-java-home=/usr/lib/jvm/java-1.5.0-gcj-5-amd64/jre --enable-java-home --with-jvm-root-dir=/usr/lib/jvm/java-1.5.0-gcj-5-amd64 --with-jvm-jar-dir=/usr/lib/jvm-exports/java-1.5.0-gcj-5-amd64 --with-arch-directory=amd64 --with-ecj-jar=/usr/share/java/eclipse-ecj.jar --enable-objc-gc --enable-multiarch --disable-werror --with-arch-32=i686 --with-abi=m64 --with-multilib-list=m32,m64,mx32 --enable-multilib --with-tune=generic --enable-checking=release --build=x86_64-linux-gnu --host=x86_64-linux-gnu --target=x86_64-linux-gnu
Thread model: posix
gcc version 5.4.0 20160609 (Ubuntu 5.4.0-6ubuntu1~16.04.12) 
COMPILER_PATH=/usr/lib/gcc/x86_64-linux-gnu/5/:/usr/lib/gcc/x86_64-linux-gnu/5/:/usr/lib/gcc/x86_64-linux-gnu/:/usr/lib/gcc/x86_64-linux-gnu/5/:/usr/lib/gcc/x86_64-linux-gnu/
LIBRARY_PATH=/usr/lib/gcc/x86_64-linux-gnu/5/:/usr/lib/gcc/x86_64-linux-gnu/5/../../../x86_64-linux-gnu/:/usr/lib/gcc/x86_64-linux-gnu/5/../../../../lib/:/lib/x86_64-linux-gnu/:/lib/../lib/:/usr/lib/x86_64-linux-gnu/:/usr/lib/../lib/:/usr/lib/gcc/x86_64-linux-gnu/5/../../../:/lib/:/usr/lib/
COLLECT_GCC_OPTIONS='-v' '-o' 'cmTC_b8813' '-rdynamic' '-mtune=generic' '-march=x86-64'
 /usr/lib/gcc/x86_64-linux-gnu/5/collect2 -plugin /usr/lib/gcc/x86_64-linux-gnu/5/liblto_plugin.so -plugin-opt=/usr/lib/gcc/x86_64-linux-gnu/5/lto-wrapper -plugin-opt=-fresolution=/tmp/ccE1um65.res -plugin-opt=-pass-through=-lgcc -plugin-opt=-pass-through=-lgcc_s -plugin-opt=-pass-through=-lc -plugin-opt=-pass-through=-lgcc -plugin-opt=-pass-through=-lgcc_s --sysroot=/ --build-id --eh-frame-hdr -m elf_x86_64 --hash-style=gnu --as-needed -export-dynamic -dynamic-linker /lib64/ld-linux-x86-64.so.2 -z relro -o cmTC_b8813 /usr/lib/gcc/x86_64-linux-gnu/5/../../../x86_64-linux-gnu/crt1.o /usr/lib/gcc/x86_64-linux-gnu/5/../../../x86_64-linux-gnu/crti.o /usr/lib/gcc/x86_64-linux-gnu/5/crtbegin.o -L/usr/lib/gcc/x86_64-linux-gnu/5 -L/usr/lib/gcc/x86_64-linux-gnu/5/../../../x86_64-linux-gnu -L/usr/lib/gcc/x86_64-linux-gnu/5/../../../../lib -L/lib/x86_64-linux-gnu -L/lib/../lib -L/usr/lib/x86_64-linux-gnu -L/usr/lib/../lib -L/usr/lib/gcc/x86_64-linux-gnu/5/../../.. CMakeFiles/cmTC_b8813.dir/CMakeCCompilerABI.c.o -lgcc --as-needed -lgcc_s --no-as-needed -lc -lgcc --as-needed -lgcc_s --no-as-needed /usr/lib/gcc/x86_64-linux-gnu/5/crtend.o /usr/lib/gcc/x86_64-linux-gnu/5/../../../x86_64-linux-gnu/crtn.o
make[1]: Leaving directory '/home/dvrk-lite/ws_moveit_test/src/openrave/build/CMakeFiles/CMakeTmp'


Parsed C implicit link information from above output:
  link line regex: [^( *|.*[/\])(ld|([^/\]+-)?ld|collect2)[^/\]*( |$)]
  ignore line: [Change Dir: /home/dvrk-lite/ws_moveit_test/src/openrave/build/CMakeFiles/CMakeTmp]
  ignore line: []
  ignore line: [Run Build Command:"/usr/bin/make" "cmTC_b8813/fast"]
  ignore line: [/usr/bin/make -f CMakeFiles/cmTC_b8813.dir/build.make CMakeFiles/cmTC_b8813.dir/build]
  ignore line: [make[1]: Entering directory '/home/dvrk-lite/ws_moveit_test/src/openrave/build/CMakeFiles/CMakeTmp']
  ignore line: [Building C object CMakeFiles/cmTC_b8813.dir/CMakeCCompilerABI.c.o]
  ignore line: [/usr/bin/cc     -o CMakeFiles/cmTC_b8813.dir/CMakeCCompilerABI.c.o   -c /usr/share/cmake-3.5/Modules/CMakeCCompilerABI.c]
  ignore line: [Linking C executable cmTC_b8813]
  ignore line: [/usr/bin/cmake -E cmake_link_script CMakeFiles/cmTC_b8813.dir/link.txt --verbose=1]
  ignore line: [/usr/bin/cc      -v CMakeFiles/cmTC_b8813.dir/CMakeCCompilerABI.c.o  -o cmTC_b8813 -rdynamic  ]
  ignore line: [Using built-in specs.]
  ignore line: [COLLECT_GCC=/usr/bin/cc]
  ignore line: [COLLECT_LTO_WRAPPER=/usr/lib/gcc/x86_64-linux-gnu/5/lto-wrapper]
  ignore line: [Target: x86_64-linux-gnu]
  ignore line: [Configured with: ../src/configure -v --with-pkgversion='Ubuntu 5.4.0-6ubuntu1~16.04.12' --with-bugurl=file:///usr/share/doc/gcc-5/README.Bugs --enable-languages=c,ada,c++,java,go,d,fortran,objc,obj-c++ --prefix=/usr --program-suffix=-5 --enable-shared --enable-linker-build-id --libexecdir=/usr/lib --without-included-gettext --enable-threads=posix --libdir=/usr/lib --enable-nls --with-sysroot=/ --enable-clocale=gnu --enable-libstdcxx-debug --enable-libstdcxx-time=yes --with-default-libstdcxx-abi=new --enable-gnu-unique-object --disable-vtable-verify --enable-libmpx --enable-plugin --with-system-zlib --disable-browser-plugin --enable-java-awt=gtk --enable-gtk-cairo --with-java-home=/usr/lib/jvm/java-1.5.0-gcj-5-amd64/jre --enable-java-home --with-jvm-root-dir=/usr/lib/jvm/java-1.5.0-gcj-5-amd64 --with-jvm-jar-dir=/usr/lib/jvm-exports/java-1.5.0-gcj-5-amd64 --with-arch-directory=amd64 --with-ecj-jar=/usr/share/java/eclipse-ecj.jar --enable-objc-gc --enable-multiarch --disable-werror --with-arch-32=i686 --with-abi=m64 --with-multilib-list=m32,m64,mx32 --enable-multilib --with-tune=generic --enable-checking=release --build=x86_64-linux-gnu --host=x86_64-linux-gnu --target=x86_64-linux-gnu]
  ignore line: [Thread model: posix]
  ignore line: [gcc version 5.4.0 20160609 (Ubuntu 5.4.0-6ubuntu1~16.04.12) ]
  ignore line: [COMPILER_PATH=/usr/lib/gcc/x86_64-linux-gnu/5/:/usr/lib/gcc/x86_64-linux-gnu/5/:/usr/lib/gcc/x86_64-linux-gnu/:/usr/lib/gcc/x86_64-linux-gnu/5/:/usr/lib/gcc/x86_64-linux-gnu/]
  ignore line: [LIBRARY_PATH=/usr/lib/gcc/x86_64-linux-gnu/5/:/usr/lib/gcc/x86_64-linux-gnu/5/../../../x86_64-linux-gnu/:/usr/lib/gcc/x86_64-linux-gnu/5/../../../../lib/:/lib/x86_64-linux-gnu/:/lib/../lib/:/usr/lib/x86_64-linux-gnu/:/usr/lib/../lib/:/usr/lib/gcc/x86_64-linux-gnu/5/../../../:/lib/:/usr/lib/]
  ignore line: [COLLECT_GCC_OPTIONS='-v' '-o' 'cmTC_b8813' '-rdynamic' '-mtune=generic' '-march=x86-64']
  link line: [ /usr/lib/gcc/x86_64-linux-gnu/5/collect2 -plugin /usr/lib/gcc/x86_64-linux-gnu/5/liblto_plugin.so -plugin-opt=/usr/lib/gcc/x86_64-linux-gnu/5/lto-wrapper -plugin-opt=-fresolution=/tmp/ccE1um65.res -plugin-opt=-pass-through=-lgcc -plugin-opt=-pass-through=-lgcc_s -plugin-opt=-pass-through=-lc -plugin-opt=-pass-through=-lgcc -plugin-opt=-pass-through=-lgcc_s --sysroot=/ --build-id --eh-frame-hdr -m elf_x86_64 --hash-style=gnu --as-needed -export-dynamic -dynamic-linker /lib64/ld-linux-x86-64.so.2 -z relro -o cmTC_b8813 /usr/lib/gcc/x86_64-linux-gnu/5/../../../x86_64-linux-gnu/crt1.o /usr/lib/gcc/x86_64-linux-gnu/5/../../../x86_64-linux-gnu/crti.o /usr/lib/gcc/x86_64-linux-gnu/5/crtbegin.o -L/usr/lib/gcc/x86_64-linux-gnu/5 -L/usr/lib/gcc/x86_64-linux-gnu/5/../../../x86_64-linux-gnu -L/usr/lib/gcc/x86_64-linux-gnu/5/../../../../lib -L/lib/x86_64-linux-gnu -L/lib/../lib -L/usr/lib/x86_64-linux-gnu -L/usr/lib/../lib -L/usr/lib/gcc/x86_64-linux-gnu/5/../../.. CMakeFiles/cmTC_b8813.dir/CMakeCCompilerABI.c.o -lgcc --as-needed -lgcc_s --no-as-needed -lc -lgcc --as-needed -lgcc_s --no-as-needed /usr/lib/gcc/x86_64-linux-gnu/5/crtend.o /usr/lib/gcc/x86_64-linux-gnu/5/../../../x86_64-linux-gnu/crtn.o]
    arg [/usr/lib/gcc/x86_64-linux-gnu/5/collect2] ==> ignore
    arg [-plugin] ==> ignore
    arg [/usr/lib/gcc/x86_64-linux-gnu/5/liblto_plugin.so] ==> ignore
    arg [-plugin-opt=/usr/lib/gcc/x86_64-linux-gnu/5/lto-wrapper] ==> ignore
    arg [-plugin-opt=-fresolution=/tmp/ccE1um65.res] ==> ignore
    arg [-plugin-opt=-pass-through=-lgcc] ==> ignore
    arg [-plugin-opt=-pass-through=-lgcc_s] ==> ignore
    arg [-plugin-opt=-pass-through=-lc] ==> ignore
    arg [-plugin-opt=-pass-through=-lgcc] ==> ignore
    arg [-plugin-opt=-pass-through=-lgcc_s] ==> ignore
    arg [--sysroot=/] ==> ignore
    arg [--build-id] ==> ignore
    arg [--eh-frame-hdr] ==> ignore
    arg [-m] ==> ignore
    arg [elf_x86_64] ==> ignore
    arg [--hash-style=gnu] ==> ignore
    arg [--as-needed] ==> ignore
    arg [-export-dynamic] ==> ignore
    arg [-dynamic-linker] ==> ignore
    arg [/lib64/ld-linux-x86-64.so.2] ==> ignore
    arg [-zrelro] ==> ignore
    arg [-o] ==> ignore
    arg [cmTC_b8813] ==> ignore
    arg [/usr/lib/gcc/x86_64-linux-gnu/5/../../../x86_64-linux-gnu/crt1.o] ==> ignore
    arg [/usr/lib/gcc/x86_64-linux-gnu/5/../../../x86_64-linux-gnu/crti.o] ==> ignore
    arg [/usr/lib/gcc/x86_64-linux-gnu/5/crtbegin.o] ==> ignore
    arg [-L/usr/lib/gcc/x86_64-linux-gnu/5] ==> dir [/usr/lib/gcc/x86_64-linux-gnu/5]
    arg [-L/usr/lib/gcc/x86_64-linux-gnu/5/../../../x86_64-linux-gnu] ==> dir [/usr/lib/gcc/x86_64-linux-gnu/5/../../../x86_64-linux-gnu]
    arg [-L/usr/lib/gcc/x86_64-linux-gnu/5/../../../../lib] ==> dir [/usr/lib/gcc/x86_64-linux-gnu/5/../../../../lib]
    arg [-L/lib/x86_64-linux-gnu] ==> dir [/lib/x86_64-linux-gnu]
    arg [-L/lib/../lib] ==> dir [/lib/../lib]
    arg [-L/usr/lib/x86_64-linux-gnu] ==> dir [/usr/lib/x86_64-linux-gnu]
    arg [-L/usr/lib/../lib] ==> dir [/usr/lib/../lib]
    arg [-L/usr/lib/gcc/x86_64-linux-gnu/5/../../..] ==> dir [/usr/lib/gcc/x86_64-linux-gnu/5/../../..]
    arg [CMakeFiles/cmTC_b8813.dir/CMakeCCompilerABI.c.o] ==> ignore
    arg [-lgcc] ==> lib [gcc]
    arg [--as-needed] ==> ignore
    arg [-lgcc_s] ==> lib [gcc_s]
    arg [--no-as-needed] ==> ignore
    arg [-lc] ==> lib [c]
    arg [-lgcc] ==> lib [gcc]
    arg [--as-needed] ==> ignore
    arg [-lgcc_s] ==> lib [gcc_s]
    arg [--no-as-needed] ==> ignore
    arg [/usr/lib/gcc/x86_64-linux-gnu/5/crtend.o] ==> ignore
    arg [/usr/lib/gcc/x86_64-linux-gnu/5/../../../x86_64-linux-gnu/crtn.o] ==> ignore
  remove lib [gcc]
  remove lib [gcc_s]
  remove lib [gcc]
  remove lib [gcc_s]
  collapse library dir [/usr/lib/gcc/x86_64-linux-gnu/5] ==> [/usr/lib/gcc/x86_64-linux-gnu/5]
  collapse library dir [/usr/lib/gcc/x86_64-linux-gnu/5/../../../x86_64-linux-gnu] ==> [/usr/lib/x86_64-linux-gnu]
  collapse library dir [/usr/lib/gcc/x86_64-linux-gnu/5/../../../../lib] ==> [/usr/lib]
  collapse library dir [/lib/x86_64-linux-gnu] ==> [/lib/x86_64-linux-gnu]
  collapse library dir [/lib/../lib] ==> [/lib]
  collapse library dir [/usr/lib/x86_64-linux-gnu] ==> [/usr/lib/x86_64-linux-gnu]
  collapse library dir [/usr/lib/../lib] ==> [/usr/lib]
  collapse library dir [/usr/lib/gcc/x86_64-linux-gnu/5/../../..] ==> [/usr/lib]
  implicit libs: [c]
  implicit dirs: [/usr/lib/gcc/x86_64-linux-gnu/5;/usr/lib/x86_64-linux-gnu;/usr/lib;/lib/x86_64-linux-gnu;/lib]
  implicit fwks: []




Detecting C [-std=c11] compiler features compiled with the following output:
Change Dir: /home/dvrk-lite/ws_moveit_test/src/openrave/build/CMakeFiles/CMakeTmp

Run Build Command:"/usr/bin/make" "cmTC_9c0ce/fast"
/usr/bin/make -f CMakeFiles/cmTC_9c0ce.dir/build.make CMakeFiles/cmTC_9c0ce.dir/build
make[1]: Entering directory '/home/dvrk-lite/ws_moveit_test/src/openrave/build/CMakeFiles/CMakeTmp'
Building C object CMakeFiles/cmTC_9c0ce.dir/feature_tests.c.o
/usr/bin/cc    -std=c11 -o CMakeFiles/cmTC_9c0ce.dir/feature_tests.c.o   -c /home/dvrk-lite/ws_moveit_test/src/openrave/build/CMakeFiles/feature_tests.c
Linking C executable cmTC_9c0ce
/usr/bin/cmake -E cmake_link_script CMakeFiles/cmTC_9c0ce.dir/link.txt --verbose=1
/usr/bin/cc       CMakeFiles/cmTC_9c0ce.dir/feature_tests.c.o  -o cmTC_9c0ce -rdynamic 
make[1]: Leaving directory '/home/dvrk-lite/ws_moveit_test/src/openrave/build/CMakeFiles/CMakeTmp'


    Feature record: C_FEATURE:1c_function_prototypes
    Feature record: C_FEATURE:1c_restrict
    Feature record: C_FEATURE:1c_static_assert
    Feature record: C_FEATURE:1c_variadic_macros


Detecting C [-std=c99] compiler features compiled with the following output:
Change Dir: /home/dvrk-lite/ws_moveit_test/src/openrave/build/CMakeFiles/CMakeTmp

Run Build Command:"/usr/bin/make" "cmTC_b36b5/fast"
/usr/bin/make -f CMakeFiles/cmTC_b36b5.dir/build.make CMakeFiles/cmTC_b36b5.dir/build
make[1]: Entering directory '/home/dvrk-lite/ws_moveit_test/src/openrave/build/CMakeFiles/CMakeTmp'
Building C object CMakeFiles/cmTC_b36b5.dir/feature_tests.c.o
/usr/bin/cc    -std=c99 -o CMakeFiles/cmTC_b36b5.dir/feature_tests.c.o   -c /home/dvrk-lite/ws_moveit_test/src/openrave/build/CMakeFiles/feature_tests.c
Linking C executable cmTC_b36b5
/usr/bin/cmake -E cmake_link_script CMakeFiles/cmTC_b36b5.dir/link.txt --verbose=1
/usr/bin/cc       CMakeFiles/cmTC_b36b5.dir/feature_tests.c.o  -o cmTC_b36b5 -rdynamic 
make[1]: Leaving directory '/home/dvrk-lite/ws_moveit_test/src/openrave/build/CMakeFiles/CMakeTmp'


    Feature record: C_FEATURE:1c_function_prototypes
    Feature record: C_FEATURE:1c_restrict
    Feature record: C_FEATURE:0c_static_assert
    Feature record: C_FEATURE:1c_variadic_macros


Detecting C [-std=c90] compiler features compiled with the following output:
Change Dir: /home/dvrk-lite/ws_moveit_test/src/openrave/build/CMakeFiles/CMakeTmp

Run Build Command:"/usr/bin/make" "cmTC_df852/fast"
/usr/bin/make -f CMakeFiles/cmTC_df852.dir/build.make CMakeFiles/cmTC_df852.dir/build
make[1]: Entering directory '/home/dvrk-lite/ws_moveit_test/src/openrave/build/CMakeFiles/CMakeTmp'
Building C object CMakeFiles/cmTC_df852.dir/feature_tests.c.o
/usr/bin/cc    -std=c90 -o CMakeFiles/cmTC_df852.dir/feature_tests.c.o   -c /home/dvrk-lite/ws_moveit_test/src/openrave/build/CMakeFiles/feature_tests.c
Linking C executable cmTC_df852
/usr/bin/cmake -E cmake_link_script CMakeFiles/cmTC_df852.dir/link.txt --verbose=1
/usr/bin/cc       CMakeFiles/cmTC_df852.dir/feature_tests.c.o  -o cmTC_df852 -rdynamic 
make[1]: Leaving directory '/home/dvrk-lite/ws_moveit_test/src/openrave/build/CMakeFiles/CMakeTmp'


    Feature record: C_FEATURE:1c_function_prototypes
    Feature record: C_FEATURE:0c_restrict
    Feature record: C_FEATURE:0c_static_assert
    Feature record: C_FEATURE:0c_variadic_macros
Determining if the CXX compiler works passed with the following output:
Change Dir: /home/dvrk-lite/ws_moveit_test/src/openrave/build/CMakeFiles/CMakeTmp

Run Build Command:"/usr/bin/make" "cmTC_7e6cb/fast"
/usr/bin/make -f CMakeFiles/cmTC_7e6cb.dir/build.make CMakeFiles/cmTC_7e6cb.dir/build
make[1]: Entering directory '/home/dvrk-lite/ws_moveit_test/src/openrave/build/CMakeFiles/CMakeTmp'
Building CXX object CMakeFiles/cmTC_7e6cb.dir/testCXXCompiler.cxx.o
/usr/bin/c++      -o CMakeFiles/cmTC_7e6cb.dir/testCXXCompiler.cxx.o -c /home/dvrk-lite/ws_moveit_test/src/openrave/build/CMakeFiles/CMakeTmp/testCXXCompiler.cxx
Linking CXX executable cmTC_7e6cb
/usr/bin/cmake -E cmake_link_script CMakeFiles/cmTC_7e6cb.dir/link.txt --verbose=1
/usr/bin/c++        CMakeFiles/cmTC_7e6cb.dir/testCXXCompiler.cxx.o  -o cmTC_7e6cb -rdynamic 
make[1]: Leaving directory '/home/dvrk-lite/ws_moveit_test/src/openrave/build/CMakeFiles/CMakeTmp'


Detecting CXX compiler ABI info compiled with the following output:
Change Dir: /home/dvrk-lite/ws_moveit_test/src/openrave/build/CMakeFiles/CMakeTmp

Run Build Command:"/usr/bin/make" "cmTC_8ef4d/fast"
/usr/bin/make -f CMakeFiles/cmTC_8ef4d.dir/build.make CMakeFiles/cmTC_8ef4d.dir/build
make[1]: Entering directory '/home/dvrk-lite/ws_moveit_test/src/openrave/build/CMakeFiles/CMakeTmp'
Building CXX object CMakeFiles/cmTC_8ef4d.dir/CMakeCXXCompilerABI.cpp.o
/usr/bin/c++      -o CMakeFiles/cmTC_8ef4d.dir/CMakeCXXCompilerABI.cpp.o -c /usr/share/cmake-3.5/Modules/CMakeCXXCompilerABI.cpp
Linking CXX executable cmTC_8ef4d
/usr/bin/cmake -E cmake_link_script CMakeFiles/cmTC_8ef4d.dir/link.txt --verbose=1
/usr/bin/c++       -v CMakeFiles/cmTC_8ef4d.dir/CMakeCXXCompilerABI.cpp.o  -o cmTC_8ef4d -rdynamic  
Using built-in specs.
COLLECT_GCC=/usr/bin/c++
COLLECT_LTO_WRAPPER=/usr/lib/gcc/x86_64-linux-gnu/5/lto-wrapper
Target: x86_64-linux-gnu
Configured with: ../src/configure -v --with-pkgversion='Ubuntu 5.4.0-6ubuntu1~16.04.12' --with-bugurl=file:///usr/share/doc/gcc-5/README.Bugs --enable-languages=c,ada,c++,java,go,d,fortran,objc,obj-c++ --prefix=/usr --program-suffix=-5 --enable-shared --enable-linker-build-id --libexecdir=/usr/lib --without-included-gettext --enable-threads=posix --libdir=/usr/lib --enable-nls --with-sysroot=/ --enable-clocale=gnu --enable-libstdcxx-debug --enable-libstdcxx-time=yes --with-default-libstdcxx-abi=new --enable-gnu-unique-object --disable-vtable-verify --enable-libmpx --enable-plugin --with-system-zlib --disable-browser-plugin --enable-java-awt=gtk --enable-gtk-cairo --with-java-home=/usr/lib/jvm/java-1.5.0-gcj-5-amd64/jre --enable-java-home --with-jvm-root-dir=/usr/lib/jvm/java-1.5.0-gcj-5-amd64 --with-jvm-jar-dir=/usr/lib/jvm-exports/java-1.5.0-gcj-5-amd64 --with-arch-directory=amd64 --with-ecj-jar=/usr/share/java/eclipse-ecj.jar --enable-objc-gc --enable-multiarch --disable-werror --with-arch-32=i686 --with-abi=m64 --with-multilib-list=m32,m64,mx32 --enable-multilib --with-tune=generic --enable-checking=release --build=x86_64-linux-gnu --host=x86_64-linux-gnu --target=x86_64-linux-gnu
Thread model: posix
gcc version 5.4.0 20160609 (Ubuntu 5.4.0-6ubuntu1~16.04.12) 
COMPILER_PATH=/usr/lib/gcc/x86_64-linux-gnu/5/:/usr/lib/gcc/x86_64-linux-gnu/5/:/usr/lib/gcc/x86_64-linux-gnu/:/usr/lib/gcc/x86_64-linux-gnu/5/:/usr/lib/gcc/x86_64-linux-gnu/
LIBRARY_PATH=/usr/lib/gcc/x86_64-linux-gnu/5/:/usr/lib/gcc/x86_64-linux-gnu/5/../../../x86_64-linux-gnu/:/usr/lib/gcc/x86_64-linux-gnu/5/../../../../lib/:/lib/x86_64-linux-gnu/:/lib/../lib/:/usr/lib/x86_64-linux-gnu/:/usr/lib/../lib/:/usr/lib/gcc/x86_64-linux-gnu/5/../../../:/lib/:/usr/lib/
COLLECT_GCC_OPTIONS='-v' '-o' 'cmTC_8ef4d' '-rdynamic' '-shared-libgcc' '-mtune=generic' '-march=x86-64'
 /usr/lib/gcc/x86_64-linux-gnu/5/collect2 -plugin /usr/lib/gcc/x86_64-linux-gnu/5/liblto_plugin.so -plugin-opt=/usr/lib/gcc/x86_64-linux-gnu/5/lto-wrapper -plugin-opt=-fresolution=/tmp/cctmLKdp.res -plugin-opt=-pass-through=-lgcc_s -plugin-opt=-pass-through=-lgcc -plugin-opt=-pass-through=-lc -plugin-opt=-pass-through=-lgcc_s -plugin-opt=-pass-through=-lgcc --sysroot=/ --build-id --eh-frame-hdr -m elf_x86_64 --hash-style=gnu --as-needed -export-dynamic -dynamic-linker /lib64/ld-linux-x86-64.so.2 -z relro -o cmTC_8ef4d /usr/lib/gcc/x86_64-linux-gnu/5/../../../x86_64-linux-gnu/crt1.o /usr/lib/gcc/x86_64-linux-gnu/5/../../../x86_64-linux-gnu/crti.o /usr/lib/gcc/x86_64-linux-gnu/5/crtbegin.o -L/usr/lib/gcc/x86_64-linux-gnu/5 -L/usr/lib/gcc/x86_64-linux-gnu/5/../../../x86_64-linux-gnu -L/usr/lib/gcc/x86_64-linux-gnu/5/../../../../lib -L/lib/x86_64-linux-gnu -L/lib/../lib -L/usr/lib/x86_64-linux-gnu -L/usr/lib/../lib -L/usr/lib/gcc/x86_64-linux-gnu/5/../../.. CMakeFiles/cmTC_8ef4d.dir/CMakeCXXCompilerABI.cpp.o -lstdc++ -lm -lgcc_s -lgcc -lc -lgcc_s -lgcc /usr/lib/gcc/x86_64-linux-gnu/5/crtend.o /usr/lib/gcc/x86_64-linux-gnu/5/../../../x86_64-linux-gnu/crtn.o
make[1]: Leaving directory '/home/dvrk-lite/ws_moveit_test/src/openrave/build/CMakeFiles/CMakeTmp'


Parsed CXX implicit link information from above output:
  link line regex: [^( *|.*[/\])(ld|([^/\]+-)?ld|collect2)[^/\]*( |$)]
  ignore line: [Change Dir: /home/dvrk-lite/ws_moveit_test/src/openrave/build/CMakeFiles/CMakeTmp]
  ignore line: []
  ignore line: [Run Build Command:"/usr/bin/make" "cmTC_8ef4d/fast"]
  ignore line: [/usr/bin/make -f CMakeFiles/cmTC_8ef4d.dir/build.make CMakeFiles/cmTC_8ef4d.dir/build]
  ignore line: [make[1]: Entering directory '/home/dvrk-lite/ws_moveit_test/src/openrave/build/CMakeFiles/CMakeTmp']
  ignore line: [Building CXX object CMakeFiles/cmTC_8ef4d.dir/CMakeCXXCompilerABI.cpp.o]
  ignore line: [/usr/bin/c++      -o CMakeFiles/cmTC_8ef4d.dir/CMakeCXXCompilerABI.cpp.o -c /usr/share/cmake-3.5/Modules/CMakeCXXCompilerABI.cpp]
  ignore line: [Linking CXX executable cmTC_8ef4d]
  ignore line: [/usr/bin/cmake -E cmake_link_script CMakeFiles/cmTC_8ef4d.dir/link.txt --verbose=1]
  ignore line: [/usr/bin/c++       -v CMakeFiles/cmTC_8ef4d.dir/CMakeCXXCompilerABI.cpp.o  -o cmTC_8ef4d -rdynamic  ]
  ignore line: [Using built-in specs.]
  ignore line: [COLLECT_GCC=/usr/bin/c++]
  ignore line: [COLLECT_LTO_WRAPPER=/usr/lib/gcc/x86_64-linux-gnu/5/lto-wrapper]
  ignore line: [Target: x86_64-linux-gnu]
  ignore line: [Configured with: ../src/configure -v --with-pkgversion='Ubuntu 5.4.0-6ubuntu1~16.04.12' --with-bugurl=file:///usr/share/doc/gcc-5/README.Bugs --enable-languages=c,ada,c++,java,go,d,fortran,objc,obj-c++ --prefix=/usr --program-suffix=-5 --enable-shared --enable-linker-build-id --libexecdir=/usr/lib --without-included-gettext --enable-threads=posix --libdir=/usr/lib --enable-nls --with-sysroot=/ --enable-clocale=gnu --enable-libstdcxx-debug --enable-libstdcxx-time=yes --with-default-libstdcxx-abi=new --enable-gnu-unique-object --disable-vtable-verify --enable-libmpx --enable-plugin --with-system-zlib --disable-browser-plugin --enable-java-awt=gtk --enable-gtk-cairo --with-java-home=/usr/lib/jvm/java-1.5.0-gcj-5-amd64/jre --enable-java-home --with-jvm-root-dir=/usr/lib/jvm/java-1.5.0-gcj-5-amd64 --with-jvm-jar-dir=/usr/lib/jvm-exports/java-1.5.0-gcj-5-amd64 --with-arch-directory=amd64 --with-ecj-jar=/usr/share/java/eclipse-ecj.jar --enable-objc-gc --enable-multiarch --disable-werror --with-arch-32=i686 --with-abi=m64 --with-multilib-list=m32,m64,mx32 --enable-multilib --with-tune=generic --enable-checking=release --build=x86_64-linux-gnu --host=x86_64-linux-gnu --target=x86_64-linux-gnu]
  ignore line: [Thread model: posix]
  ignore line: [gcc version 5.4.0 20160609 (Ubuntu 5.4.0-6ubuntu1~16.04.12) ]
  ignore line: [COMPILER_PATH=/usr/lib/gcc/x86_64-linux-gnu/5/:/usr/lib/gcc/x86_64-linux-gnu/5/:/usr/lib/gcc/x86_64-linux-gnu/:/usr/lib/gcc/x86_64-linux-gnu/5/:/usr/lib/gcc/x86_64-linux-gnu/]
  ignore line: [LIBRARY_PATH=/usr/lib/gcc/x86_64-linux-gnu/5/:/usr/lib/gcc/x86_64-linux-gnu/5/../../../x86_64-linux-gnu/:/usr/lib/gcc/x86_64-linux-gnu/5/../../../../lib/:/lib/x86_64-linux-gnu/:/lib/../lib/:/usr/lib/x86_64-linux-gnu/:/usr/lib/../lib/:/usr/lib/gcc/x86_64-linux-gnu/5/../../../:/lib/:/usr/lib/]
  ignore line: [COLLECT_GCC_OPTIONS='-v' '-o' 'cmTC_8ef4d' '-rdynamic' '-shared-libgcc' '-mtune=generic' '-march=x86-64']
  link line: [ /usr/lib/gcc/x86_64-linux-gnu/5/collect2 -plugin /usr/lib/gcc/x86_64-linux-gnu/5/liblto_plugin.so -plugin-opt=/usr/lib/gcc/x86_64-linux-gnu/5/lto-wrapper -plugin-opt=-fresolution=/tmp/cctmLKdp.res -plugin-opt=-pass-through=-lgcc_s -plugin-opt=-pass-through=-lgcc -plugin-opt=-pass-through=-lc -plugin-opt=-pass-through=-lgcc_s -plugin-opt=-pass-through=-lgcc --sysroot=/ --build-id --eh-frame-hdr -m elf_x86_64 --hash-style=gnu --as-needed -export-dynamic -dynamic-linker /lib64/ld-linux-x86-64.so.2 -z relro -o cmTC_8ef4d /usr/lib/gcc/x86_64-linux-gnu/5/../../../x86_64-linux-gnu/crt1.o /usr/lib/gcc/x86_64-linux-gnu/5/../../../x86_64-linux-gnu/crti.o /usr/lib/gcc/x86_64-linux-gnu/5/crtbegin.o -L/usr/lib/gcc/x86_64-linux-gnu/5 -L/usr/lib/gcc/x86_64-linux-gnu/5/../../../x86_64-linux-gnu -L/usr/lib/gcc/x86_64-linux-gnu/5/../../../../lib -L/lib/x86_64-linux-gnu -L/lib/../lib -L/usr/lib/x86_64-linux-gnu -L/usr/lib/../lib -L/usr/lib/gcc/x86_64-linux-gnu/5/../../.. CMakeFiles/cmTC_8ef4d.dir/CMakeCXXCompilerABI.cpp.o -lstdc++ -lm -lgcc_s -lgcc -lc -lgcc_s -lgcc /usr/lib/gcc/x86_64-linux-gnu/5/crtend.o /usr/lib/gcc/x86_64-linux-gnu/5/../../../x86_64-linux-gnu/crtn.o]
    arg [/usr/lib/gcc/x86_64-linux-gnu/5/collect2] ==> ignore
    arg [-plugin] ==> ignore
    arg [/usr/lib/gcc/x86_64-linux-gnu/5/liblto_plugin.so] ==> ignore
    arg [-plugin-opt=/usr/lib/gcc/x86_64-linux-gnu/5/lto-wrapper] ==> ignore
    arg [-plugin-opt=-fresolution=/tmp/cctmLKdp.res] ==> ignore
    arg [-plugin-opt=-pass-through=-lgcc_s] ==> ignore
    arg [-plugin-opt=-pass-through=-lgcc] ==> ignore
    arg [-plugin-opt=-pass-through=-lc] ==> ignore
    arg [-plugin-opt=-pass-through=-lgcc_s] ==> ignore
    arg [-plugin-opt=-pass-through=-lgcc] ==> ignore
    arg [--sysroot=/] ==> ignore
    arg [--build-id] ==> ignore
    arg [--eh-frame-hdr] ==> ignore
    arg [-m] ==> ignore
    arg [elf_x86_64] ==> ignore
    arg [--hash-style=gnu] ==> ignore
    arg [--as-needed] ==> ignore
    arg [-export-dynamic] ==> ignore
    arg [-dynamic-linker] ==> ignore
    arg [/lib64/ld-linux-x86-64.so.2] ==> ignore
    arg [-zrelro] ==> ignore
    arg [-o] ==> ignore
    arg [cmTC_8ef4d] ==> ignore
    arg [/usr/lib/gcc/x86_64-linux-gnu/5/../../../x86_64-linux-gnu/crt1.o] ==> ignore
    arg [/usr/lib/gcc/x86_64-linux-gnu/5/../../../x86_64-linux-gnu/crti.o] ==> ignore
    arg [/usr/lib/gcc/x86_64-linux-gnu/5/crtbegin.o] ==> ignore
    arg [-L/usr/lib/gcc/x86_64-linux-gnu/5] ==> dir [/usr/lib/gcc/x86_64-linux-gnu/5]
    arg [-L/usr/lib/gcc/x86_64-linux-gnu/5/../../../x86_64-linux-gnu] ==> dir [/usr/lib/gcc/x86_64-linux-gnu/5/../../../x86_64-linux-gnu]
    arg [-L/usr/lib/gcc/x86_64-linux-gnu/5/../../../../lib] ==> dir [/usr/lib/gcc/x86_64-linux-gnu/5/../../../../lib]
    arg [-L/lib/x86_64-linux-gnu] ==> dir [/lib/x86_64-linux-gnu]
    arg [-L/lib/../lib] ==> dir [/lib/../lib]
    arg [-L/usr/lib/x86_64-linux-gnu] ==> dir [/usr/lib/x86_64-linux-gnu]
    arg [-L/usr/lib/../lib] ==> dir [/usr/lib/../lib]
    arg [-L/usr/lib/gcc/x86_64-linux-gnu/5/../../..] ==> dir [/usr/lib/gcc/x86_64-linux-gnu/5/../../..]
    arg [CMakeFiles/cmTC_8ef4d.dir/CMakeCXXCompilerABI.cpp.o] ==> ignore
    arg [-lstdc++] ==> lib [stdc++]
    arg [-lm] ==> lib [m]
    arg [-lgcc_s] ==> lib [gcc_s]
    arg [-lgcc] ==> lib [gcc]
    arg [-lc] ==> lib [c]
    arg [-lgcc_s] ==> lib [gcc_s]
    arg [-lgcc] ==> lib [gcc]
    arg [/usr/lib/gcc/x86_64-linux-gnu/5/crtend.o] ==> ignore
    arg [/usr/lib/gcc/x86_64-linux-gnu/5/../../../x86_64-linux-gnu/crtn.o] ==> ignore
  remove lib [gcc_s]
  remove lib [gcc]
  remove lib [gcc_s]
  remove lib [gcc]
  collapse library dir [/usr/lib/gcc/x86_64-linux-gnu/5] ==> [/usr/lib/gcc/x86_64-linux-gnu/5]
  collapse library dir [/usr/lib/gcc/x86_64-linux-gnu/5/../../../x86_64-linux-gnu] ==> [/usr/lib/x86_64-linux-gnu]
  collapse library dir [/usr/lib/gcc/x86_64-linux-gnu/5/../../../../lib] ==> [/usr/lib]
  collapse library dir [/lib/x86_64-linux-gnu] ==> [/lib/x86_64-linux-gnu]
  collapse library dir [/lib/../lib] ==> [/lib]
  collapse library dir [/usr/lib/x86_64-linux-gnu] ==> [/usr/lib/x86_64-linux-gnu]
  collapse library dir [/usr/lib/../lib] ==> [/usr/lib]
  collapse library dir [/usr/lib/gcc/x86_64-linux-gnu/5/../../..] ==> [/usr/lib]
  implicit libs: [stdc++;m;c]
  implicit dirs: [/usr/lib/gcc/x86_64-linux-gnu/5;/usr/lib/x86_64-linux-gnu;/usr/lib;/lib/x86_64-linux-gnu;/lib]
  implicit fwks: []




Detecting CXX [-std=c++14] compiler features compiled with the following output:
Change Dir: /home/dvrk-lite/ws_moveit_test/src/openrave/build/CMakeFiles/CMakeTmp

Run Build Command:"/usr/bin/make" "cmTC_ec576/fast"
/usr/bin/make -f CMakeFiles/cmTC_ec576.dir/build.make CMakeFiles/cmTC_ec576.dir/build
make[1]: Entering directory '/home/dvrk-lite/ws_moveit_test/src/openrave/build/CMakeFiles/CMakeTmp'
Building CXX object CMakeFiles/cmTC_ec576.dir/feature_tests.cxx.o
/usr/bin/c++     -std=c++14 -o CMakeFiles/cmTC_ec576.dir/feature_tests.cxx.o -c /home/dvrk-lite/ws_moveit_test/src/openrave/build/CMakeFiles/feature_tests.cxx
Linking CXX executable cmTC_ec576
/usr/bin/cmake -E cmake_link_script CMakeFiles/cmTC_ec576.dir/link.txt --verbose=1
/usr/bin/c++        CMakeFiles/cmTC_ec576.dir/feature_tests.cxx.o  -o cmTC_ec576 -rdynamic 
make[1]: Leaving directory '/home/dvrk-lite/ws_moveit_test/src/openrave/build/CMakeFiles/CMakeTmp'


    Feature record: CXX_FEATURE:1cxx_aggregate_default_initializers
    Feature record: CXX_FEATURE:1cxx_alias_templates
    Feature record: CXX_FEATURE:1cxx_alignas
    Feature record: CXX_FEATURE:1cxx_alignof
    Feature record: CXX_FEATURE:1cxx_attributes
    Feature record: CXX_FEATURE:1cxx_attribute_deprecated
    Feature record: CXX_FEATURE:1cxx_auto_type
    Feature record: CXX_FEATURE:1cxx_binary_literals
    Feature record: CXX_FEATURE:1cxx_constexpr
    Feature record: CXX_FEATURE:1cxx_contextual_conversions
    Feature record: CXX_FEATURE:1cxx_decltype
    Feature record: CXX_FEATURE:1cxx_decltype_auto
    Feature record: CXX_FEATURE:1cxx_decltype_incomplete_return_types
    Feature record: CXX_FEATURE:1cxx_default_function_template_args
    Feature record: CXX_FEATURE:1cxx_defaulted_functions
    Feature record: CXX_FEATURE:1cxx_defaulted_move_initializers
    Feature record: CXX_FEATURE:1cxx_delegating_constructors
    Feature record: CXX_FEATURE:1cxx_deleted_functions
    Feature record: CXX_FEATURE:1cxx_digit_separators
    Feature record: CXX_FEATURE:1cxx_enum_forward_declarations
    Feature record: CXX_FEATURE:1cxx_explicit_conversions
    Feature record: CXX_FEATURE:1cxx_extended_friend_declarations
    Feature record: CXX_FEATURE:1cxx_extern_templates
    Feature record: CXX_FEATURE:1cxx_final
    Feature record: CXX_FEATURE:1cxx_func_identifier
    Feature record: CXX_FEATURE:1cxx_generalized_initializers
    Feature record: CXX_FEATURE:1cxx_generic_lambdas
    Feature record: CXX_FEATURE:1cxx_inheriting_constructors
    Feature record: CXX_FEATURE:1cxx_inline_namespaces
    Feature record: CXX_FEATURE:1cxx_lambdas
    Feature record: CXX_FEATURE:1cxx_lambda_init_captures
    Feature record: CXX_FEATURE:1cxx_local_type_template_args
    Feature record: CXX_FEATURE:1cxx_long_long_type
    Feature record: CXX_FEATURE:1cxx_noexcept
    Feature record: CXX_FEATURE:1cxx_nonstatic_member_init
    Feature record: CXX_FEATURE:1cxx_nullptr
    Feature record: CXX_FEATURE:1cxx_override
    Feature record: CXX_FEATURE:1cxx_range_for
    Feature record: CXX_FEATURE:1cxx_raw_string_literals
    Feature record: CXX_FEATURE:1cxx_reference_qualified_functions
    Feature record: CXX_FEATURE:1cxx_relaxed_constexpr
    Feature record: CXX_FEATURE:1cxx_return_type_deduction
    Feature record: CXX_FEATURE:1cxx_right_angle_brackets
    Feature record: CXX_FEATURE:1cxx_rvalue_references
    Feature record: CXX_FEATURE:1cxx_sizeof_member
    Feature record: CXX_FEATURE:1cxx_static_assert
    Feature record: CXX_FEATURE:1cxx_strong_enums
    Feature record: CXX_FEATURE:1cxx_template_template_parameters
    Feature record: CXX_FEATURE:1cxx_thread_local
    Feature record: CXX_FEATURE:1cxx_trailing_return_types
    Feature record: CXX_FEATURE:1cxx_unicode_literals
    Feature record: CXX_FEATURE:1cxx_uniform_initialization
    Feature record: CXX_FEATURE:1cxx_unrestricted_unions
    Feature record: CXX_FEATURE:1cxx_user_literals
    Feature record: CXX_FEATURE:1cxx_variable_templates
    Feature record: CXX_FEATURE:1cxx_variadic_macros
    Feature record: CXX_FEATURE:1cxx_variadic_templates


Detecting CXX [-std=c++11] compiler features compiled with the following output:
Change Dir: /home/dvrk-lite/ws_moveit_test/src/openrave/build/CMakeFiles/CMakeTmp

Run Build Command:"/usr/bin/make" "cmTC_3562c/fast"
/usr/bin/make -f CMakeFiles/cmTC_3562c.dir/build.make CMakeFiles/cmTC_3562c.dir/build
make[1]: Entering directory '/home/dvrk-lite/ws_moveit_test/src/openrave/build/CMakeFiles/CMakeTmp'
Building CXX object CMakeFiles/cmTC_3562c.dir/feature_tests.cxx.o
/usr/bin/c++     -std=c++11 -o CMakeFiles/cmTC_3562c.dir/feature_tests.cxx.o -c /home/dvrk-lite/ws_moveit_test/src/openrave/build/CMakeFiles/feature_tests.cxx
Linking CXX executable cmTC_3562c
/usr/bin/cmake -E cmake_link_script CMakeFiles/cmTC_3562c.dir/link.txt --verbose=1
/usr/bin/c++        CMakeFiles/cmTC_3562c.dir/feature_tests.cxx.o  -o cmTC_3562c -rdynamic 
make[1]: Leaving directory '/home/dvrk-lite/ws_moveit_test/src/openrave/build/CMakeFiles/CMakeTmp'


    Feature record: CXX_FEATURE:0cxx_aggregate_default_initializers
    Feature record: CXX_FEATURE:1cxx_alias_templates
    Feature record: CXX_FEATURE:1cxx_alignas
    Feature record: CXX_FEATURE:1cxx_alignof
    Feature record: CXX_FEATURE:1cxx_attributes
    Feature record: CXX_FEATURE:0cxx_attribute_deprecated
    Feature record: CXX_FEATURE:1cxx_auto_type
    Feature record: CXX_FEATURE:0cxx_binary_literals
    Feature record: CXX_FEATURE:1cxx_constexpr
    Feature record: CXX_FEATURE:0cxx_contextual_conversions
    Feature record: CXX_FEATURE:1cxx_decltype
    Feature record: CXX_FEATURE:0cxx_decltype_auto
    Feature record: CXX_FEATURE:1cxx_decltype_incomplete_return_types
    Feature record: CXX_FEATURE:1cxx_default_function_template_args
    Feature record: CXX_FEATURE:1cxx_defaulted_functions
    Feature record: CXX_FEATURE:1cxx_defaulted_move_initializers
    Feature record: CXX_FEATURE:1cxx_delegating_constructors
    Feature record: CXX_FEATURE:1cxx_deleted_functions
    Feature record: CXX_FEATURE:0cxx_digit_separators
    Feature record: CXX_FEATURE:1cxx_enum_forward_declarations
    Feature record: CXX_FEATURE:1cxx_explicit_conversions
    Feature record: CXX_FEATURE:1cxx_extended_friend_declarations
    Feature record: CXX_FEATURE:1cxx_extern_templates
    Feature record: CXX_FEATURE:1cxx_final
    Feature record: CXX_FEATURE:1cxx_func_identifier
    Feature record: CXX_FEATURE:1cxx_generalized_initializers
    Feature record: CXX_FEATURE:0cxx_generic_lambdas
    Feature record: CXX_FEATURE:1cxx_inheriting_constructors
    Feature record: CXX_FEATURE:1cxx_inline_namespaces
    Feature record: CXX_FEATURE:1cxx_lambdas
    Feature record: CXX_FEATURE:0cxx_lambda_init_captures
    Feature record: CXX_FEATURE:1cxx_local_type_template_args
    Feature record: CXX_FEATURE:1cxx_long_long_type
    Feature record: CXX_FEATURE:1cxx_noexcept
    Feature record: CXX_FEATURE:1cxx_nonstatic_member_init
    Feature record: CXX_FEATURE:1cxx_nullptr
    Feature record: CXX_FEATURE:1cxx_override
    Feature record: CXX_FEATURE:1cxx_range_for
    Feature record: CXX_FEATURE:1cxx_raw_string_literals
    Feature record: CXX_FEATURE:1cxx_reference_qualified_functions
    Feature record: CXX_FEATURE:0cxx_relaxed_constexpr
    Feature record: CXX_FEATURE:0cxx_return_type_deduction
    Feature record: CXX_FEATURE:1cxx_right_angle_brackets
    Feature record: CXX_FEATURE:1cxx_rvalue_references
    Feature record: CXX_FEATURE:1cxx_sizeof_member
    Feature record: CXX_FEATURE:1cxx_static_assert
    Feature record: CXX_FEATURE:1cxx_strong_enums
    Feature record: CXX_FEATURE:1cxx_template_template_parameters
    Feature record: CXX_FEATURE:1cxx_thread_local
    Feature record: CXX_FEATURE:1cxx_trailing_return_types
    Feature record: CXX_FEATURE:1cxx_unicode_literals
    Feature record: CXX_FEATURE:1cxx_uniform_initialization
    Feature record: CXX_FEATURE:1cxx_unrestricted_unions
    Feature record: CXX_FEATURE:1cxx_user_literals
    Feature record: CXX_FEATURE:0cxx_variable_templates
    Feature record: CXX_FEATURE:1cxx_variadic_macros
    Feature record: CXX_FEATURE:1cxx_variadic_templates


Detecting CXX [-std=c++98] compiler features compiled with the following output:
Change Dir: /home/dvrk-lite/ws_moveit_test/src/openrave/build/CMakeFiles/CMakeTmp

Run Build Command:"/usr/bin/make" "cmTC_f38f3/fast"
/usr/bin/make -f CMakeFiles/cmTC_f38f3.dir/build.make CMakeFiles/cmTC_f38f3.dir/build
make[1]: Entering directory '/home/dvrk-lite/ws_moveit_test/src/openrave/build/CMakeFiles/CMakeTmp'
Building CXX object CMakeFiles/cmTC_f38f3.dir/feature_tests.cxx.o
/usr/bin/c++     -std=c++98 -o CMakeFiles/cmTC_f38f3.dir/feature_tests.cxx.o -c /home/dvrk-lite/ws_moveit_test/src/openrave/build/CMakeFiles/feature_tests.cxx
Linking CXX executable cmTC_f38f3
/usr/bin/cmake -E cmake_link_script CMakeFiles/cmTC_f38f3.dir/link.txt --verbose=1
/usr/bin/c++        CMakeFiles/cmTC_f38f3.dir/feature_tests.cxx.o  -o cmTC_f38f3 -rdynamic 
make[1]: Leaving directory '/home/dvrk-lite/ws_moveit_test/src/openrave/build/CMakeFiles/CMakeTmp'


    Feature record: CXX_FEATURE:0cxx_aggregate_default_initializers
    Feature record: CXX_FEATURE:0cxx_alias_templates
    Feature record: CXX_FEATURE:0cxx_alignas
    Feature record: CXX_FEATURE:0cxx_alignof
    Feature record: CXX_FEATURE:0cxx_attributes
    Feature record: CXX_FEATURE:0cxx_attribute_deprecated
    Feature record: CXX_FEATURE:0cxx_auto_type
    Feature record: CXX_FEATURE:0cxx_binary_literals
    Feature record: CXX_FEATURE:0cxx_constexpr
    Feature record: CXX_FEATURE:0cxx_contextual_conversions
    Feature record: CXX_FEATURE:0cxx_decltype
    Feature record: CXX_FEATURE:0cxx_decltype_auto
    Feature record: CXX_FEATURE:0cxx_decltype_incomplete_return_types
    Feature record: CXX_FEATURE:0cxx_default_function_template_args
    Feature record: CXX_FEATURE:0cxx_defaulted_functions
    Feature record: CXX_FEATURE:0cxx_defaulted_move_initializers
    Feature record: CXX_FEATURE:0cxx_delegating_constructors
    Feature record: CXX_FEATURE:0cxx_deleted_functions
    Feature record: CXX_FEATURE:0cxx_digit_separators
    Feature record: CXX_FEATURE:0cxx_enum_forward_declarations
    Feature record: CXX_FEATURE:0cxx_explicit_conversions
    Feature record: CXX_FEATURE:0cxx_extended_friend_declarations
    Feature record: CXX_FEATURE:0cxx_extern_templates
    Feature record: CXX_FEATURE:0cxx_final
    Feature record: CXX_FEATURE:0cxx_func_identifier
    Feature record: CXX_FEATURE:0cxx_generalized_initializers
    Feature record: CXX_FEATURE:0cxx_generic_lambdas
    Feature record: CXX_FEATURE:0cxx_inheriting_constructors
    Feature record: CXX_FEATURE:0cxx_inline_namespaces
    Feature record: CXX_FEATURE:0cxx_lambdas
    Feature record: CXX_FEATURE:0cxx_lambda_init_captures
    Feature record: CXX_FEATURE:0cxx_local_type_template_args
    Feature record: CXX_FEATURE:0cxx_long_long_type
    Feature record: CXX_FEATURE:0cxx_noexcept
    Feature record: CXX_FEATURE:0cxx_nonstatic_member_init
    Feature record: CXX_FEATURE:0cxx_nullptr
    Feature record: CXX_FEATURE:0cxx_override
    Feature record: CXX_FEATURE:0cxx_range_for
    Feature record: CXX_FEATURE:0cxx_raw_string_literals
    Feature record: CXX_FEATURE:0cxx_reference_qualified_functions
    Feature record: CXX_FEATURE:0cxx_relaxed_constexpr
    Feature record: CXX_FEATURE:0cxx_return_type_deduction
    Feature record: CXX_FEATURE:0cxx_right_angle_brackets
    Feature record: CXX_FEATURE:0cxx_rvalue_references
    Feature record: CXX_FEATURE:0cxx_sizeof_member
    Feature record: CXX_FEATURE:0cxx_static_assert
    Feature record: CXX_FEATURE:0cxx_strong_enums
    Feature record: CXX_FEATURE:1cxx_template_template_parameters
    Feature record: CXX_FEATURE:0cxx_thread_local
    Feature record: CXX_FEATURE:0cxx_trailing_return_types
    Feature record: CXX_FEATURE:0cxx_unicode_literals
    Feature record: CXX_FEATURE:0cxx_uniform_initialization
    Feature record: CXX_FEATURE:0cxx_unrestricted_unions
    Feature record: CXX_FEATURE:0cxx_user_literals
    Feature record: CXX_FEATURE:0cxx_variable_templates
    Feature record: CXX_FEATURE:0cxx_variadic_macros
    Feature record: CXX_FEATURE:0cxx_variadic_templates
Performing C++ SOURCE FILE Test LINKER_HAS_RDYNAMIC succeeded with the following output:
Change Dir: /home/dvrk-lite/ws_moveit_test/src/openrave/build/CMakeFiles/CMakeTmp

Run Build Command:"/usr/bin/make" "cmTC_f2a24/fast"
/usr/bin/make -f CMakeFiles/cmTC_f2a24.dir/build.make CMakeFiles/cmTC_f2a24.dir/build
make[1]: Entering directory '/home/dvrk-lite/ws_moveit_test/src/openrave/build/CMakeFiles/CMakeTmp'
Building CXX object CMakeFiles/cmTC_f2a24.dir/src.cxx.o
/usr/bin/c++     -DLINKER_HAS_RDYNAMIC -O3 -DNDEBUG   -rdynamic -o CMakeFiles/cmTC_f2a24.dir/src.cxx.o -c /home/dvrk-lite/ws_moveit_test/src/openrave/build/CMakeFiles/CMakeTmp/src.cxx
Linking CXX executable cmTC_f2a24
/usr/bin/cmake -E cmake_link_script CMakeFiles/cmTC_f2a24.dir/link.txt --verbose=1
/usr/bin/c++    -DLINKER_HAS_RDYNAMIC -O3 -DNDEBUG    CMakeFiles/cmTC_f2a24.dir/src.cxx.o  -o cmTC_f2a24 -rdynamic 
make[1]: Leaving directory '/home/dvrk-lite/ws_moveit_test/src/openrave/build/CMakeFiles/CMakeTmp'

Source file was:
int main() { return 0;}
Performing C++ SOURCE FILE Test LINKER_HAS_BSYMBOLIC succeeded with the following output:
Change Dir: /home/dvrk-lite/ws_moveit_test/src/openrave/build/CMakeFiles/CMakeTmp

Run Build Command:"/usr/bin/make" "cmTC_6e01a/fast"
/usr/bin/make -f CMakeFiles/cmTC_6e01a.dir/build.make CMakeFiles/cmTC_6e01a.dir/build
make[1]: Entering directory '/home/dvrk-lite/ws_moveit_test/src/openrave/build/CMakeFiles/CMakeTmp'
Building CXX object CMakeFiles/cmTC_6e01a.dir/src.cxx.o
/usr/bin/c++     -DLINKER_HAS_BSYMBOLIC -O3 -DNDEBUG   -Bsymbolic -o CMakeFiles/cmTC_6e01a.dir/src.cxx.o -c /home/dvrk-lite/ws_moveit_test/src/openrave/build/CMakeFiles/CMakeTmp/src.cxx
Linking CXX executable cmTC_6e01a
/usr/bin/cmake -E cmake_link_script CMakeFiles/cmTC_6e01a.dir/link.txt --verbose=1
/usr/bin/c++    -DLINKER_HAS_BSYMBOLIC -O3 -DNDEBUG    CMakeFiles/cmTC_6e01a.dir/src.cxx.o  -o cmTC_6e01a -rdynamic 
make[1]: Leaving directory '/home/dvrk-lite/ws_moveit_test/src/openrave/build/CMakeFiles/CMakeTmp'

Source file was:
int main() { return 0;}
Performing C++ SOURCE FILE Test LINKER_HAS_BSYMBOLIC_FUNCTIONS succeeded with the following output:
Change Dir: /home/dvrk-lite/ws_moveit_test/src/openrave/build/CMakeFiles/CMakeTmp

Run Build Command:"/usr/bin/make" "cmTC_c4450/fast"
/usr/bin/make -f CMakeFiles/cmTC_c4450.dir/build.make CMakeFiles/cmTC_c4450.dir/build
make[1]: Entering directory '/home/dvrk-lite/ws_moveit_test/src/openrave/build/CMakeFiles/CMakeTmp'
Building CXX object CMakeFiles/cmTC_c4450.dir/src.cxx.o
/usr/bin/c++     -DLINKER_HAS_BSYMBOLIC_FUNCTIONS -O3 -DNDEBUG   -Bsymbolic-functions -o CMakeFiles/cmTC_c4450.dir/src.cxx.o -c /home/dvrk-lite/ws_moveit_test/src/openrave/build/CMakeFiles/CMakeTmp/src.cxx
Linking CXX executable cmTC_c4450
/usr/bin/cmake -E cmake_link_script CMakeFiles/cmTC_c4450.dir/link.txt --verbose=1
/usr/bin/c++    -DLINKER_HAS_BSYMBOLIC_FUNCTIONS -O3 -DNDEBUG    CMakeFiles/cmTC_c4450.dir/src.cxx.o  -o cmTC_c4450 -rdynamic 
make[1]: Leaving directory '/home/dvrk-lite/ws_moveit_test/src/openrave/build/CMakeFiles/CMakeTmp'

Source file was:
int main() { return 0;}
Performing C++ SOURCE FILE Test LINKER_HAS_VISIBILITY succeeded with the following output:
Change Dir: /home/dvrk-lite/ws_moveit_test/src/openrave/build/CMakeFiles/CMakeTmp

Run Build Command:"/usr/bin/make" "cmTC_40df8/fast"
/usr/bin/make -f CMakeFiles/cmTC_40df8.dir/build.make CMakeFiles/cmTC_40df8.dir/build
make[1]: Entering directory '/home/dvrk-lite/ws_moveit_test/src/openrave/build/CMakeFiles/CMakeTmp'
Building CXX object CMakeFiles/cmTC_40df8.dir/src.cxx.o
/usr/bin/c++     -DLINKER_HAS_VISIBILITY -O3 -DNDEBUG   -fvisibility=hidden -o CMakeFiles/cmTC_40df8.dir/src.cxx.o -c /home/dvrk-lite/ws_moveit_test/src/openrave/build/CMakeFiles/CMakeTmp/src.cxx
Linking CXX executable cmTC_40df8
/usr/bin/cmake -E cmake_link_script CMakeFiles/cmTC_40df8.dir/link.txt --verbose=1
/usr/bin/c++    -DLINKER_HAS_VISIBILITY -O3 -DNDEBUG    CMakeFiles/cmTC_40df8.dir/src.cxx.o  -o cmTC_40df8 -rdynamic 
make[1]: Leaving directory '/home/dvrk-lite/ws_moveit_test/src/openrave/build/CMakeFiles/CMakeTmp'

Source file was:
int main() { return 0;}
Performing C++ SOURCE FILE Test LINKER_HAS_VISIBILITY_INLINES_HIDDEN succeeded with the following output:
Change Dir: /home/dvrk-lite/ws_moveit_test/src/openrave/build/CMakeFiles/CMakeTmp

Run Build Command:"/usr/bin/make" "cmTC_e1a76/fast"
/usr/bin/make -f CMakeFiles/cmTC_e1a76.dir/build.make CMakeFiles/cmTC_e1a76.dir/build
make[1]: Entering directory '/home/dvrk-lite/ws_moveit_test/src/openrave/build/CMakeFiles/CMakeTmp'
Building CXX object CMakeFiles/cmTC_e1a76.dir/src.cxx.o
/usr/bin/c++     -DLINKER_HAS_VISIBILITY_INLINES_HIDDEN -O3 -DNDEBUG   -fvisibility-inlines-hidden -o CMakeFiles/cmTC_e1a76.dir/src.cxx.o -c /home/dvrk-lite/ws_moveit_test/src/openrave/build/CMakeFiles/CMakeTmp/src.cxx
Linking CXX executable cmTC_e1a76
/usr/bin/cmake -E cmake_link_script CMakeFiles/cmTC_e1a76.dir/link.txt --verbose=1
/usr/bin/c++    -DLINKER_HAS_VISIBILITY_INLINES_HIDDEN -O3 -DNDEBUG    CMakeFiles/cmTC_e1a76.dir/src.cxx.o  -o cmTC_e1a76 -rdynamic 
make[1]: Leaving directory '/home/dvrk-lite/ws_moveit_test/src/openrave/build/CMakeFiles/CMakeTmp'

Source file was:
int main() { return 0;}
Determining if the include file pthread.h exists passed with the following output:
Change Dir: /home/dvrk-lite/ws_moveit_test/src/openrave/build/CMakeFiles/CMakeTmp

Run Build Command:"/usr/bin/make" "cmTC_1598f/fast"
/usr/bin/make -f CMakeFiles/cmTC_1598f.dir/build.make CMakeFiles/cmTC_1598f.dir/build
make[1]: Entering directory '/home/dvrk-lite/ws_moveit_test/src/openrave/build/CMakeFiles/CMakeTmp'
Building C object CMakeFiles/cmTC_1598f.dir/CheckIncludeFile.c.o
/usr/bin/cc    -O3 -DNDEBUG   -o CMakeFiles/cmTC_1598f.dir/CheckIncludeFile.c.o   -c /home/dvrk-lite/ws_moveit_test/src/openrave/build/CMakeFiles/CMakeTmp/CheckIncludeFile.c
Linking C executable cmTC_1598f
/usr/bin/cmake -E cmake_link_script CMakeFiles/cmTC_1598f.dir/link.txt --verbose=1
/usr/bin/cc    -O3 -DNDEBUG    CMakeFiles/cmTC_1598f.dir/CheckIncludeFile.c.o  -o cmTC_1598f -rdynamic 
make[1]: Leaving directory '/home/dvrk-lite/ws_moveit_test/src/openrave/build/CMakeFiles/CMakeTmp'


Determining if the function pthread_create exists in the pthread passed with the following output:
Change Dir: /home/dvrk-lite/ws_moveit_test/src/openrave/build/CMakeFiles/CMakeTmp

Run Build Command:"/usr/bin/make" "cmTC_7a5f5/fast"
/usr/bin/make -f CMakeFiles/cmTC_7a5f5.dir/build.make CMakeFiles/cmTC_7a5f5.dir/build
make[1]: Entering directory '/home/dvrk-lite/ws_moveit_test/src/openrave/build/CMakeFiles/CMakeTmp'
Building C object CMakeFiles/cmTC_7a5f5.dir/CheckFunctionExists.c.o
/usr/bin/cc    -DCHECK_FUNCTION_EXISTS=pthread_create -O3 -DNDEBUG   -o CMakeFiles/cmTC_7a5f5.dir/CheckFunctionExists.c.o   -c /usr/share/cmake-3.5/Modules/CheckFunctionExists.c
Linking C executable cmTC_7a5f5
/usr/bin/cmake -E cmake_link_script CMakeFiles/cmTC_7a5f5.dir/link.txt --verbose=1
/usr/bin/cc   -DCHECK_FUNCTION_EXISTS=pthread_create -O3 -DNDEBUG    CMakeFiles/cmTC_7a5f5.dir/CheckFunctionExists.c.o  -o cmTC_7a5f5 -rdynamic -lpthread 
make[1]: Leaving directory '/home/dvrk-lite/ws_moveit_test/src/openrave/build/CMakeFiles/CMakeTmp'


Determining if the function mpfr_div_d exists in the /usr/lib/x86_64-linux-gnu/libmpfr.so passed with the following output:
Change Dir: /home/dvrk-lite/ws_moveit_test/src/openrave/build/CMakeFiles/CMakeTmp

Run Build Command:"/usr/bin/make" "cmTC_9f899/fast"
/usr/bin/make -f CMakeFiles/cmTC_9f899.dir/build.make CMakeFiles/cmTC_9f899.dir/build
make[1]: Entering directory '/home/dvrk-lite/ws_moveit_test/src/openrave/build/CMakeFiles/CMakeTmp'
Building C object CMakeFiles/cmTC_9f899.dir/CheckFunctionExists.c.o
/usr/bin/cc    -DCHECK_FUNCTION_EXISTS=mpfr_div_d -O3 -DNDEBUG   -o CMakeFiles/cmTC_9f899.dir/CheckFunctionExists.c.o   -c /usr/share/cmake-3.5/Modules/CheckFunctionExists.c
Linking C executable cmTC_9f899
/usr/bin/cmake -E cmake_link_script CMakeFiles/cmTC_9f899.dir/link.txt --verbose=1
/usr/bin/cc   -DCHECK_FUNCTION_EXISTS=mpfr_div_d -O3 -DNDEBUG    CMakeFiles/cmTC_9f899.dir/CheckFunctionExists.c.o  -o cmTC_9f899 -rdynamic /usr/lib/x86_64-linux-gnu/libmpfr.so 
make[1]: Leaving directory '/home/dvrk-lite/ws_moveit_test/src/openrave/build/CMakeFiles/CMakeTmp'


Determining if the include file fpu_control.h exists passed with the following output:
Change Dir: /home/dvrk-lite/ws_moveit_test/src/openrave/build/CMakeFiles/CMakeTmp

Run Build Command:"/usr/bin/make" "cmTC_ce025/fast"
/usr/bin/make -f CMakeFiles/cmTC_ce025.dir/build.make CMakeFiles/cmTC_ce025.dir/build
make[1]: Entering directory '/home/dvrk-lite/ws_moveit_test/src/openrave/build/CMakeFiles/CMakeTmp'
Building C object CMakeFiles/cmTC_ce025.dir/CheckIncludeFile.c.o
/usr/bin/cc    -O3 -DNDEBUG   -o CMakeFiles/cmTC_ce025.dir/CheckIncludeFile.c.o   -c /home/dvrk-lite/ws_moveit_test/src/openrave/build/CMakeFiles/CMakeTmp/CheckIncludeFile.c
Linking C executable cmTC_ce025
/usr/bin/cmake -E cmake_link_script CMakeFiles/cmTC_ce025.dir/link.txt --verbose=1
/usr/bin/cc    -O3 -DNDEBUG    CMakeFiles/cmTC_ce025.dir/CheckIncludeFile.c.o  -o cmTC_ce025 -rdynamic 
make[1]: Leaving directory '/home/dvrk-lite/ws_moveit_test/src/openrave/build/CMakeFiles/CMakeTmp'


Determining if the include file fenv.h exists passed with the following output:
Change Dir: /home/dvrk-lite/ws_moveit_test/src/openrave/build/CMakeFiles/CMakeTmp

Run Build Command:"/usr/bin/make" "cmTC_4effb/fast"
/usr/bin/make -f CMakeFiles/cmTC_4effb.dir/build.make CMakeFiles/cmTC_4effb.dir/build
make[1]: Entering directory '/home/dvrk-lite/ws_moveit_test/src/openrave/build/CMakeFiles/CMakeTmp'
Building C object CMakeFiles/cmTC_4effb.dir/CheckIncludeFile.c.o
/usr/bin/cc    -O3 -DNDEBUG   -o CMakeFiles/cmTC_4effb.dir/CheckIncludeFile.c.o   -c /home/dvrk-lite/ws_moveit_test/src/openrave/build/CMakeFiles/CMakeTmp/CheckIncludeFile.c
Linking C executable cmTC_4effb
/usr/bin/cmake -E cmake_link_script CMakeFiles/cmTC_4effb.dir/link.txt --verbose=1
/usr/bin/cc    -O3 -DNDEBUG    CMakeFiles/cmTC_4effb.dir/CheckIncludeFile.c.o  -o cmTC_4effb -rdynamic 
make[1]: Leaving directory '/home/dvrk-lite/ws_moveit_test/src/openrave/build/CMakeFiles/CMakeTmp'


Determining if the include file inttypes.h exists passed with the following output:
Change Dir: /home/dvrk-lite/ws_moveit_test/src/openrave/build/CMakeFiles/CMakeTmp

Run Build Command:"/usr/bin/make" "cmTC_29b0a/fast"
/usr/bin/make -f CMakeFiles/cmTC_29b0a.dir/build.make CMakeFiles/cmTC_29b0a.dir/build
make[1]: Entering directory '/home/dvrk-lite/ws_moveit_test/src/openrave/build/CMakeFiles/CMakeTmp'
Building C object CMakeFiles/cmTC_29b0a.dir/CheckIncludeFile.c.o
/usr/bin/cc    -O3 -DNDEBUG   -o CMakeFiles/cmTC_29b0a.dir/CheckIncludeFile.c.o   -c /home/dvrk-lite/ws_moveit_test/src/openrave/build/CMakeFiles/CMakeTmp/CheckIncludeFile.c
Linking C executable cmTC_29b0a
/usr/bin/cmake -E cmake_link_script CMakeFiles/cmTC_29b0a.dir/link.txt --verbose=1
/usr/bin/cc    -O3 -DNDEBUG    CMakeFiles/cmTC_29b0a.dir/CheckIncludeFile.c.o  -o cmTC_29b0a -rdynamic 
make[1]: Leaving directory '/home/dvrk-lite/ws_moveit_test/src/openrave/build/CMakeFiles/CMakeTmp'


Determining size of long double passed with the following output:
Change Dir: /home/dvrk-lite/ws_moveit_test/src/openrave/build/CMakeFiles/CMakeTmp

Run Build Command:"/usr/bin/make" "cmTC_0290b/fast"
/usr/bin/make -f CMakeFiles/cmTC_0290b.dir/build.make CMakeFiles/cmTC_0290b.dir/build
make[1]: Entering directory '/home/dvrk-lite/ws_moveit_test/src/openrave/build/CMakeFiles/CMakeTmp'
Building C object CMakeFiles/cmTC_0290b.dir/LONG_DOUBLE.c.o
/usr/bin/cc    -O3 -DNDEBUG   -o CMakeFiles/cmTC_0290b.dir/LONG_DOUBLE.c.o   -c /home/dvrk-lite/ws_moveit_test/src/openrave/build/CMakeFiles/CheckTypeSize/LONG_DOUBLE.c
Linking C executable cmTC_0290b
/usr/bin/cmake -E cmake_link_script CMakeFiles/cmTC_0290b.dir/link.txt --verbose=1
/usr/bin/cc    -O3 -DNDEBUG    CMakeFiles/cmTC_0290b.dir/LONG_DOUBLE.c.o  -o cmTC_0290b -rdynamic 
make[1]: Leaving directory '/home/dvrk-lite/ws_moveit_test/src/openrave/build/CMakeFiles/CMakeTmp'


Performing C++ SOURCE FILE Test IS_X86_64 succeded with the following output:
Change Dir: /home/dvrk-lite/ws_moveit_test/src/openrave/build/CMakeFiles/CMakeTmp

Run Build Command:"/usr/bin/make" "cmTC_1f8b1/fast"
/usr/bin/make -f CMakeFiles/cmTC_1f8b1.dir/build.make CMakeFiles/cmTC_1f8b1.dir/build
make[1]: Entering directory '/home/dvrk-lite/ws_moveit_test/src/openrave/build/CMakeFiles/CMakeTmp'
Building CXX object CMakeFiles/cmTC_1f8b1.dir/src.cxx.o
/usr/bin/c++     -DIS_X86_64 -O3 -DNDEBUG   -o CMakeFiles/cmTC_1f8b1.dir/src.cxx.o -c /home/dvrk-lite/ws_moveit_test/src/openrave/build/CMakeFiles/CMakeTmp/src.cxx
Linking CXX executable cmTC_1f8b1
/usr/bin/cmake -E cmake_link_script CMakeFiles/cmTC_1f8b1.dir/link.txt --verbose=1
/usr/bin/c++    -DIS_X86_64 -O3 -DNDEBUG    CMakeFiles/cmTC_1f8b1.dir/src.cxx.o  -o cmTC_1f8b1 -rdynamic 
make[1]: Leaving directory '/home/dvrk-lite/ws_moveit_test/src/openrave/build/CMakeFiles/CMakeTmp'

Return value: 1
Source file was:

  int main()
  {
    int a = 0;
    int*pa = &a;
    asm(".intel_syntax\n"
	"mov %%rax, %0\n"
    "mov %%eax, [%%rax]\n"
    ".att_syntax\n"
    : : "r"(pa) : "%rax");
    return 0;
  }
Determining if the function clock_gettime exists in the rt passed with the following output:
Change Dir: /home/dvrk-lite/ws_moveit_test/src/openrave/build/CMakeFiles/CMakeTmp

Run Build Command:"/usr/bin/make" "cmTC_df827/fast"
/usr/bin/make -f CMakeFiles/cmTC_df827.dir/build.make CMakeFiles/cmTC_df827.dir/build
make[1]: Entering directory '/home/dvrk-lite/ws_moveit_test/src/openrave/build/CMakeFiles/CMakeTmp'
Building C object CMakeFiles/cmTC_df827.dir/CheckFunctionExists.c.o
/usr/bin/cc    -DCHECK_FUNCTION_EXISTS=clock_gettime -O3 -DNDEBUG   -o CMakeFiles/cmTC_df827.dir/CheckFunctionExists.c.o   -c /usr/share/cmake-3.5/Modules/CheckFunctionExists.c
Linking C executable cmTC_df827
/usr/bin/cmake -E cmake_link_script CMakeFiles/cmTC_df827.dir/link.txt --verbose=1
/usr/bin/cc   -DCHECK_FUNCTION_EXISTS=clock_gettime -O3 -DNDEBUG    CMakeFiles/cmTC_df827.dir/CheckFunctionExists.c.o  -o cmTC_df827 -rdynamic -lrt 
make[1]: Leaving directory '/home/dvrk-lite/ws_moveit_test/src/openrave/build/CMakeFiles/CMakeTmp'


Determining if the Q_WS_X11 exist passed with the following output:
Change Dir: /home/dvrk-lite/ws_moveit_test/src/openrave/build/CMakeFiles/CMakeTmp

Run Build Command:"/usr/bin/make" "cmTC_1b2a5/fast"
/usr/bin/make -f CMakeFiles/cmTC_1b2a5.dir/build.make CMakeFiles/cmTC_1b2a5.dir/build
make[1]: Entering directory '/home/dvrk-lite/ws_moveit_test/src/openrave/build/CMakeFiles/CMakeTmp'
Building CXX object CMakeFiles/cmTC_1b2a5.dir/CheckSymbolExists.cxx.o
/usr/bin/c++    -I/usr/include/qt4  -O3 -DNDEBUG   -o CMakeFiles/cmTC_1b2a5.dir/CheckSymbolExists.cxx.o -c /home/dvrk-lite/ws_moveit_test/src/openrave/build/CMakeFiles/CMakeTmp/CheckSymbolExists.cxx
Linking CXX executable cmTC_1b2a5
/usr/bin/cmake -E cmake_link_script CMakeFiles/cmTC_1b2a5.dir/link.txt --verbose=1
/usr/bin/c++     -O3 -DNDEBUG    CMakeFiles/cmTC_1b2a5.dir/CheckSymbolExists.cxx.o  -o cmTC_1b2a5 -rdynamic 
make[1]: Leaving directory '/home/dvrk-lite/ws_moveit_test/src/openrave/build/CMakeFiles/CMakeTmp'

File /home/dvrk-lite/ws_moveit_test/src/openrave/build/CMakeFiles/CMakeTmp/CheckSymbolExists.cxx:
/* */
#include <QtCore/qglobal.h>

int main(int argc, char** argv)
{
  (void)argv;
#ifndef Q_WS_X11
  return ((int*)(&Q_WS_X11))[argc];
#else
  (void)argc;
  return 0;
#endif
}

Determining if the include file pcrecpp.h exists passed with the following output:
Change Dir: /home/dvrk-lite/ws_moveit_test/src/openrave/build/CMakeFiles/CMakeTmp

Run Build Command:"/usr/bin/make" "cmTC_169c0/fast"
/usr/bin/make -f CMakeFiles/cmTC_169c0.dir/build.make CMakeFiles/cmTC_169c0.dir/build
make[1]: Entering directory '/home/dvrk-lite/ws_moveit_test/src/openrave/build/CMakeFiles/CMakeTmp'
Building CXX object CMakeFiles/cmTC_169c0.dir/CheckIncludeFile.cxx.o
/usr/bin/c++     -O3 -DNDEBUG   -o CMakeFiles/cmTC_169c0.dir/CheckIncludeFile.cxx.o -c /home/dvrk-lite/ws_moveit_test/src/openrave/build/CMakeFiles/CMakeTmp/CheckIncludeFile.cxx
Linking CXX executable cmTC_169c0
/usr/bin/cmake -E cmake_link_script CMakeFiles/cmTC_169c0.dir/link.txt --verbose=1
/usr/bin/c++     -O3 -DNDEBUG    CMakeFiles/cmTC_169c0.dir/CheckIncludeFile.cxx.o  -o cmTC_169c0 -rdynamic 
make[1]: Leaving directory '/home/dvrk-lite/ws_moveit_test/src/openrave/build/CMakeFiles/CMakeTmp'


Determining if the function qh_new_qhull exists in the qhull passed with the following output:
Change Dir: /home/dvrk-lite/ws_moveit_test/src/openrave/build/CMakeFiles/CMakeTmp

Run Build Command:"/usr/bin/make" "cmTC_381d3/fast"
/usr/bin/make -f CMakeFiles/cmTC_381d3.dir/build.make CMakeFiles/cmTC_381d3.dir/build
make[1]: Entering directory '/home/dvrk-lite/ws_moveit_test/src/openrave/build/CMakeFiles/CMakeTmp'
Building C object CMakeFiles/cmTC_381d3.dir/CheckFunctionExists.c.o
/usr/bin/cc    -DCHECK_FUNCTION_EXISTS=qh_new_qhull -O3 -DNDEBUG   -o CMakeFiles/cmTC_381d3.dir/CheckFunctionExists.c.o   -c /usr/share/cmake-3.5/Modules/CheckFunctionExists.c
Linking C executable cmTC_381d3
/usr/bin/cmake -E cmake_link_script CMakeFiles/cmTC_381d3.dir/link.txt --verbose=1
/usr/bin/cc   -DCHECK_FUNCTION_EXISTS=qh_new_qhull -O3 -DNDEBUG    CMakeFiles/cmTC_381d3.dir/CheckFunctionExists.c.o  -o cmTC_381d3 -rdynamic -lqhull 
make[1]: Leaving directory '/home/dvrk-lite/ws_moveit_test/src/openrave/build/CMakeFiles/CMakeTmp'


Determining if the include file qhull/qhull_a.h exists passed with the following output:
Change Dir: /home/dvrk-lite/ws_moveit_test/src/openrave/build/CMakeFiles/CMakeTmp

Run Build Command:"/usr/bin/make" "cmTC_57cd0/fast"
/usr/bin/make -f CMakeFiles/cmTC_57cd0.dir/build.make CMakeFiles/cmTC_57cd0.dir/build
make[1]: Entering directory '/home/dvrk-lite/ws_moveit_test/src/openrave/build/CMakeFiles/CMakeTmp'
Building C object CMakeFiles/cmTC_57cd0.dir/CheckIncludeFile.c.o
/usr/bin/cc    -O3 -DNDEBUG   -o CMakeFiles/cmTC_57cd0.dir/CheckIncludeFile.c.o   -c /home/dvrk-lite/ws_moveit_test/src/openrave/build/CMakeFiles/CMakeTmp/CheckIncludeFile.c
Linking C executable cmTC_57cd0
/usr/bin/cmake -E cmake_link_script CMakeFiles/cmTC_57cd0.dir/link.txt --verbose=1
/usr/bin/cc    -O3 -DNDEBUG    CMakeFiles/cmTC_57cd0.dir/CheckIncludeFile.c.o  -o cmTC_57cd0 -rdynamic 
make[1]: Leaving directory '/home/dvrk-lite/ws_moveit_test/src/openrave/build/CMakeFiles/CMakeTmp'


Determining if the include file ANN/ANN.h exists passed with the following output:
Change Dir: /home/dvrk-lite/ws_moveit_test/src/openrave/build/CMakeFiles/CMakeTmp

Run Build Command:"/usr/bin/make" "cmTC_fa6bf/fast"
/usr/bin/make -f CMakeFiles/cmTC_fa6bf.dir/build.make CMakeFiles/cmTC_fa6bf.dir/build
make[1]: Entering directory '/home/dvrk-lite/ws_moveit_test/src/openrave/build/CMakeFiles/CMakeTmp'
Building CXX object CMakeFiles/cmTC_fa6bf.dir/CheckIncludeFile.cxx.o
/usr/bin/c++     -O3 -DNDEBUG   -o CMakeFiles/cmTC_fa6bf.dir/CheckIncludeFile.cxx.o -c /home/dvrk-lite/ws_moveit_test/src/openrave/build/CMakeFiles/CMakeTmp/CheckIncludeFile.cxx
Linking CXX executable cmTC_fa6bf
/usr/bin/cmake -E cmake_link_script CMakeFiles/cmTC_fa6bf.dir/link.txt --verbose=1
/usr/bin/c++     -O3 -DNDEBUG    CMakeFiles/cmTC_fa6bf.dir/CheckIncludeFile.cxx.o  -o cmTC_fa6bf -rdynamic 
make[1]: Leaving directory '/home/dvrk-lite/ws_moveit_test/src/openrave/build/CMakeFiles/CMakeTmp'


Determining size of float passed with the following output:
Change Dir: /home/dvrk-lite/ws_moveit_test/src/openrave/build/CMakeFiles/CMakeTmp

Run Build Command:"/usr/bin/make" "cmTC_a4d40/fast"
/usr/bin/make -f CMakeFiles/cmTC_a4d40.dir/build.make CMakeFiles/cmTC_a4d40.dir/build
make[1]: Entering directory '/home/dvrk-lite/ws_moveit_test/src/openrave/build/CMakeFiles/CMakeTmp'
Building C object CMakeFiles/cmTC_a4d40.dir/HAVE_FLOAT_SIZE.c.o
/usr/bin/cc    -O3 -DNDEBUG   -o CMakeFiles/cmTC_a4d40.dir/HAVE_FLOAT_SIZE.c.o   -c /home/dvrk-lite/ws_moveit_test/src/openrave/build/CMakeFiles/CheckTypeSize/HAVE_FLOAT_SIZE.c
Linking C executable cmTC_a4d40
/usr/bin/cmake -E cmake_link_script CMakeFiles/cmTC_a4d40.dir/link.txt --verbose=1
/usr/bin/cc    -O3 -DNDEBUG    CMakeFiles/cmTC_a4d40.dir/HAVE_FLOAT_SIZE.c.o  -o cmTC_a4d40 -rdynamic 
make[1]: Leaving directory '/home/dvrk-lite/ws_moveit_test/src/openrave/build/CMakeFiles/CMakeTmp'


Determining size of long int passed with the following output:
Change Dir: /home/dvrk-lite/ws_moveit_test/src/openrave/build/CMakeFiles/CMakeTmp

Run Build Command:"/usr/bin/make" "cmTC_06869/fast"
/usr/bin/make -f CMakeFiles/cmTC_06869.dir/build.make CMakeFiles/cmTC_06869.dir/build
make[1]: Entering directory '/home/dvrk-lite/ws_moveit_test/src/openrave/build/CMakeFiles/CMakeTmp'
Building C object CMakeFiles/cmTC_06869.dir/HAVE_LONG_INT_SIZE.c.o
/usr/bin/cc    -O3 -DNDEBUG   -o CMakeFiles/cmTC_06869.dir/HAVE_LONG_INT_SIZE.c.o   -c /home/dvrk-lite/ws_moveit_test/src/openrave/build/CMakeFiles/CheckTypeSize/HAVE_LONG_INT_SIZE.c
Linking C executable cmTC_06869
/usr/bin/cmake -E cmake_link_script CMakeFiles/cmTC_06869.dir/link.txt --verbose=1
/usr/bin/cc    -O3 -DNDEBUG    CMakeFiles/cmTC_06869.dir/HAVE_LONG_INT_SIZE.c.o  -o cmTC_06869 -rdynamic 
make[1]: Leaving directory '/home/dvrk-lite/ws_moveit_test/src/openrave/build/CMakeFiles/CMakeTmp'


Determining if the include file alloca.h exists passed with the following output:
Change Dir: /home/dvrk-lite/ws_moveit_test/src/openrave/build/CMakeFiles/CMakeTmp

Run Build Command:"/usr/bin/make" "cmTC_d3f3f/fast"
/usr/bin/make -f CMakeFiles/cmTC_d3f3f.dir/build.make CMakeFiles/cmTC_d3f3f.dir/build
make[1]: Entering directory '/home/dvrk-lite/ws_moveit_test/src/openrave/build/CMakeFiles/CMakeTmp'
Building C object CMakeFiles/cmTC_d3f3f.dir/CheckIncludeFile.c.o
/usr/bin/cc    -O3 -DNDEBUG   -o CMakeFiles/cmTC_d3f3f.dir/CheckIncludeFile.c.o   -c /home/dvrk-lite/ws_moveit_test/src/openrave/build/CMakeFiles/CMakeTmp/CheckIncludeFile.c
Linking C executable cmTC_d3f3f
/usr/bin/cmake -E cmake_link_script CMakeFiles/cmTC_d3f3f.dir/link.txt --verbose=1
/usr/bin/cc    -O3 -DNDEBUG    CMakeFiles/cmTC_d3f3f.dir/CheckIncludeFile.c.o  -o cmTC_d3f3f -rdynamic 
make[1]: Leaving directory '/home/dvrk-lite/ws_moveit_test/src/openrave/build/CMakeFiles/CMakeTmp'


Determining if the function strtof exists passed with the following output:
Change Dir: /home/dvrk-lite/ws_moveit_test/src/openrave/build/CMakeFiles/CMakeTmp

Run Build Command:"/usr/bin/make" "cmTC_e4132/fast"
/usr/bin/make -f CMakeFiles/cmTC_e4132.dir/build.make CMakeFiles/cmTC_e4132.dir/build
make[1]: Entering directory '/home/dvrk-lite/ws_moveit_test/src/openrave/build/CMakeFiles/CMakeTmp'
Building C object CMakeFiles/cmTC_e4132.dir/CheckFunctionExists.c.o
/usr/bin/cc    -DCHECK_FUNCTION_EXISTS=strtof -O3 -DNDEBUG   -o CMakeFiles/cmTC_e4132.dir/CheckFunctionExists.c.o   -c /usr/share/cmake-3.5/Modules/CheckFunctionExists.c
Linking C executable cmTC_e4132
/usr/bin/cmake -E cmake_link_script CMakeFiles/cmTC_e4132.dir/link.txt --verbose=1
/usr/bin/cc   -DCHECK_FUNCTION_EXISTS=strtof -O3 -DNDEBUG    CMakeFiles/cmTC_e4132.dir/CheckFunctionExists.c.o  -o cmTC_e4132 -rdynamic -lm 
make[1]: Leaving directory '/home/dvrk-lite/ws_moveit_test/src/openrave/build/CMakeFiles/CMakeTmp'


Determining if the function strtold exists passed with the following output:
Change Dir: /home/dvrk-lite/ws_moveit_test/src/openrave/build/CMakeFiles/CMakeTmp

Run Build Command:"/usr/bin/make" "cmTC_c6328/fast"
/usr/bin/make -f CMakeFiles/cmTC_c6328.dir/build.make CMakeFiles/cmTC_c6328.dir/build
make[1]: Entering directory '/home/dvrk-lite/ws_moveit_test/src/openrave/build/CMakeFiles/CMakeTmp'
Building C object CMakeFiles/cmTC_c6328.dir/CheckFunctionExists.c.o
/usr/bin/cc    -DCHECK_FUNCTION_EXISTS=strtold -O3 -DNDEBUG   -o CMakeFiles/cmTC_c6328.dir/CheckFunctionExists.c.o   -c /usr/share/cmake-3.5/Modules/CheckFunctionExists.c
Linking C executable cmTC_c6328
/usr/bin/cmake -E cmake_link_script CMakeFiles/cmTC_c6328.dir/link.txt --verbose=1
/usr/bin/cc   -DCHECK_FUNCTION_EXISTS=strtold -O3 -DNDEBUG    CMakeFiles/cmTC_c6328.dir/CheckFunctionExists.c.o  -o cmTC_c6328 -rdynamic -lm 
make[1]: Leaving directory '/home/dvrk-lite/ws_moveit_test/src/openrave/build/CMakeFiles/CMakeTmp'


Determining size of long double passed with the following output:
Change Dir: /home/dvrk-lite/ws_moveit_test/src/openrave/build/CMakeFiles/CMakeTmp

Run Build Command:"/usr/bin/make" "cmTC_d5887/fast"
/usr/bin/make -f CMakeFiles/cmTC_d5887.dir/build.make CMakeFiles/cmTC_d5887.dir/build
make[1]: Entering directory '/home/dvrk-lite/ws_moveit_test/src/openrave/build/CMakeFiles/CMakeTmp'
Building C object CMakeFiles/cmTC_d5887.dir/HAVE_LONG_DOUBLE_SIZE.c.o
/usr/bin/cc    -O3 -DNDEBUG   -o CMakeFiles/cmTC_d5887.dir/HAVE_LONG_DOUBLE_SIZE.c.o   -c /home/dvrk-lite/ws_moveit_test/src/openrave/build/CMakeFiles/CheckTypeSize/HAVE_LONG_DOUBLE_SIZE.c
Linking C executable cmTC_d5887
/usr/bin/cmake -E cmake_link_script CMakeFiles/cmTC_d5887.dir/link.txt --verbose=1
/usr/bin/cc    -O3 -DNDEBUG    CMakeFiles/cmTC_d5887.dir/HAVE_LONG_DOUBLE_SIZE.c.o  -o cmTC_d5887 -rdynamic -lm 
make[1]: Leaving directory '/home/dvrk-lite/ws_moveit_test/src/openrave/build/CMakeFiles/CMakeTmp'


Determining if the include file ext/hash_map exists passed with the following output:
Change Dir: /home/dvrk-lite/ws_moveit_test/src/openrave/build/CMakeFiles/CMakeTmp

Run Build Command:"/usr/bin/make" "cmTC_3bd8b/fast"
/usr/bin/make -f CMakeFiles/cmTC_3bd8b.dir/build.make CMakeFiles/cmTC_3bd8b.dir/build
make[1]: Entering directory '/home/dvrk-lite/ws_moveit_test/src/openrave/build/CMakeFiles/CMakeTmp'
Building CXX object CMakeFiles/cmTC_3bd8b.dir/CheckIncludeFile.cxx.o
/usr/bin/c++     -O3 -DNDEBUG   -o CMakeFiles/cmTC_3bd8b.dir/CheckIncludeFile.cxx.o -c /home/dvrk-lite/ws_moveit_test/src/openrave/build/CMakeFiles/CMakeTmp/CheckIncludeFile.cxx
In file included from /usr/include/c++/5/ext/hash_map:60:0,
                 from /home/dvrk-lite/ws_moveit_test/src/openrave/build/CMakeFiles/CMakeTmp/CheckIncludeFile.cxx:1:
/usr/include/c++/5/backward/backward_warning.h:32:2: warning: #warning This file includes at least one deprecated or antiquated header which may be removed without further notice at a future date. Please use a non-deprecated interface with equivalent functionality instead. For a listing of replacement headers and interfaces, consult the file backward_warning.h. To disable this warning use -Wno-deprecated. [-Wcpp]
 #warning \
  ^
Linking CXX executable cmTC_3bd8b
/usr/bin/cmake -E cmake_link_script CMakeFiles/cmTC_3bd8b.dir/link.txt --verbose=1
/usr/bin/c++     -O3 -DNDEBUG    CMakeFiles/cmTC_3bd8b.dir/CheckIncludeFile.cxx.o  -o cmTC_3bd8b -rdynamic 
make[1]: Leaving directory '/home/dvrk-lite/ws_moveit_test/src/openrave/build/CMakeFiles/CMakeTmp'


Determining if the function mkstemp exists passed with the following output:
Change Dir: /home/dvrk-lite/ws_moveit_test/src/openrave/build/CMakeFiles/CMakeTmp

Run Build Command:"/usr/bin/make" "cmTC_76f18/fast"
/usr/bin/make -f CMakeFiles/cmTC_76f18.dir/build.make CMakeFiles/cmTC_76f18.dir/build
make[1]: Entering directory '/home/dvrk-lite/ws_moveit_test/src/openrave/build/CMakeFiles/CMakeTmp'
Building C object CMakeFiles/cmTC_76f18.dir/CheckFunctionExists.c.o
/usr/bin/cc    -DCHECK_FUNCTION_EXISTS=mkstemp -O3 -DNDEBUG   -o CMakeFiles/cmTC_76f18.dir/CheckFunctionExists.c.o   -c /usr/share/cmake-3.5/Modules/CheckFunctionExists.c
Linking C executable cmTC_76f18
/usr/bin/cmake -E cmake_link_script CMakeFiles/cmTC_76f18.dir/link.txt --verbose=1
/usr/bin/cc   -DCHECK_FUNCTION_EXISTS=mkstemp -O3 -DNDEBUG    CMakeFiles/cmTC_76f18.dir/CheckFunctionExists.c.o  -o cmTC_76f18 -rdynamic 
make[1]: Leaving directory '/home/dvrk-lite/ws_moveit_test/src/openrave/build/CMakeFiles/CMakeTmp'


Determining if the function _init exists in the lapack passed with the following output:
Change Dir: /home/dvrk-lite/ws_moveit_test/src/openrave/build/CMakeFiles/CMakeTmp

Run Build Command:"/usr/bin/make" "cmTC_912ed/fast"
/usr/bin/make -f CMakeFiles/cmTC_912ed.dir/build.make CMakeFiles/cmTC_912ed.dir/build
make[1]: Entering directory '/home/dvrk-lite/ws_moveit_test/src/openrave/build/CMakeFiles/CMakeTmp'
Building C object CMakeFiles/cmTC_912ed.dir/CheckFunctionExists.c.o
/usr/bin/cc    -DCHECK_FUNCTION_EXISTS=_init -O3 -DNDEBUG   -o CMakeFiles/cmTC_912ed.dir/CheckFunctionExists.c.o   -c /usr/share/cmake-3.5/Modules/CheckFunctionExists.c
Linking C executable cmTC_912ed
/usr/bin/cmake -E cmake_link_script CMakeFiles/cmTC_912ed.dir/link.txt --verbose=1
/usr/bin/cc   -DCHECK_FUNCTION_EXISTS=_init -O3 -DNDEBUG    CMakeFiles/cmTC_912ed.dir/CheckFunctionExists.c.o  -o cmTC_912ed -rdynamic -llapack 
make[1]: Leaving directory '/home/dvrk-lite/ws_moveit_test/src/openrave/build/CMakeFiles/CMakeTmp'


Performing C++ SOURCE FILE Test HAVE_ALL_PYTHON_HEADERS succeded with the following output:
Change Dir: /home/dvrk-lite/ws_moveit_test/src/openrave/build/CMakeFiles/CMakeTmp

Run Build Command:"/usr/bin/make" "cmTC_7d07b/fast"
/usr/bin/make -f CMakeFiles/cmTC_7d07b.dir/build.make CMakeFiles/cmTC_7d07b.dir/build
make[1]: Entering directory '/home/dvrk-lite/ws_moveit_test/src/openrave/build/CMakeFiles/CMakeTmp'
Building CXX object CMakeFiles/cmTC_7d07b.dir/src.cxx.o
/usr/bin/c++    -I/usr/include/python2.7 -I/usr/lib/python2.7/dist-packages/numpy/core/include  -DHAVE_ALL_PYTHON_HEADERS -DCMAKE_BUILD_TYPE:STRING=Release -O3 -DNDEBUG   -o CMakeFiles/cmTC_7d07b.dir/src.cxx.o -c /home/dvrk-lite/ws_moveit_test/src/openrave/build/CMakeFiles/CMakeTmp/src.cxx
<command-line>:0:17: warning: missing whitespace after the macro name
In file included from /usr/include/python2.7/numpy/ndarraytypes.h:1777:0,
                 from /usr/include/python2.7/numpy/ndarrayobject.h:18,
                 from /usr/include/python2.7/numpy/arrayobject.h:4,
                 from /home/dvrk-lite/ws_moveit_test/src/openrave/build/CMakeFiles/CMakeTmp/src.cxx:10:
/usr/include/python2.7/numpy/npy_1_7_deprecated_api.h:15:2: warning: #warning "Using deprecated NumPy API, disable it by " "#defining NPY_NO_DEPRECATED_API NPY_1_7_API_VERSION" [-Wcpp]
 #warning "Using deprecated NumPy API, disable it by " \
  ^
Linking CXX executable cmTC_7d07b
/usr/bin/cmake -E cmake_link_script CMakeFiles/cmTC_7d07b.dir/link.txt --verbose=1
/usr/bin/c++    -DHAVE_ALL_PYTHON_HEADERS -DCMAKE_BUILD_TYPE:STRING=Release -O3 -DNDEBUG    CMakeFiles/cmTC_7d07b.dir/src.cxx.o  -o cmTC_7d07b -rdynamic /usr/lib/x86_64-linux-gnu/libpython2.7.so /usr/lib/x86_64-linux-gnu/libboost_python.so /usr/lib/x86_64-linux-gnu/libboost_thread.so /usr/lib/x86_64-linux-gnu/libboost_system.so 
make[1]: Leaving directory '/home/dvrk-lite/ws_moveit_test/src/openrave/build/CMakeFiles/CMakeTmp'

Return value: 1
Source file was:

    #include <Python.h>
    #include <boost/thread/thread.hpp>
    #include <boost/thread/mutex.hpp>
    #include <boost/thread/condition.hpp>
    #include <boost/shared_ptr.hpp>
    #define PY_ARRAY_UNIQUE_SYMBOL PyArrayHandle
    #include <boost/python.hpp>
    #include <pyconfig.h>
    #include <numpy/arrayobject.h>
    int main()
    {
      return 0;
    }
Determining if the function cgesdd_ exists in the lapack passed with the following output:
Change Dir: /home/dvrk-lite/ws_moveit_test/src/openrave/build/CMakeFiles/CMakeTmp

Run Build Command:"/usr/bin/make" "cmTC_a9f5a/fast"
/usr/bin/make -f CMakeFiles/cmTC_a9f5a.dir/build.make CMakeFiles/cmTC_a9f5a.dir/build
make[1]: Entering directory '/home/dvrk-lite/ws_moveit_test/src/openrave/build/CMakeFiles/CMakeTmp'
Building C object CMakeFiles/cmTC_a9f5a.dir/CheckFunctionExists.c.o
/usr/bin/cc    -DCHECK_FUNCTION_EXISTS=cgesdd_ -O3 -DNDEBUG   -o CMakeFiles/cmTC_a9f5a.dir/CheckFunctionExists.c.o   -c /usr/share/cmake-3.5/Modules/CheckFunctionExists.c
Linking C executable cmTC_a9f5a
/usr/bin/cmake -E cmake_link_script CMakeFiles/cmTC_a9f5a.dir/link.txt --verbose=1
/usr/bin/cc   -DCHECK_FUNCTION_EXISTS=cgesdd_ -O3 -DNDEBUG    CMakeFiles/cmTC_a9f5a.dir/CheckFunctionExists.c.o  -o cmTC_a9f5a -rdynamic -llapack 
make[1]: Leaving directory '/home/dvrk-lite/ws_moveit_test/src/openrave/build/CMakeFiles/CMakeTmp'


Determining if the include file libswscale/swscale.h exists passed with the following output:
Change Dir: /home/dvrk-lite/ws_moveit_test/src/openrave/build/CMakeFiles/CMakeTmp

Run Build Command:"/usr/bin/make" "cmTC_ec428/fast"
/usr/bin/make -f CMakeFiles/cmTC_ec428.dir/build.make CMakeFiles/cmTC_ec428.dir/build
make[1]: Entering directory '/home/dvrk-lite/ws_moveit_test/src/openrave/build/CMakeFiles/CMakeTmp'
Building C object CMakeFiles/cmTC_ec428.dir/CheckIncludeFile.c.o
/usr/bin/cc   -I/usr/include/x86_64-linux-gnu  -O3 -DNDEBUG   -o CMakeFiles/cmTC_ec428.dir/CheckIncludeFile.c.o   -c /home/dvrk-lite/ws_moveit_test/src/openrave/build/CMakeFiles/CMakeTmp/CheckIncludeFile.c
Linking C executable cmTC_ec428
/usr/bin/cmake -E cmake_link_script CMakeFiles/cmTC_ec428.dir/link.txt --verbose=1
/usr/bin/cc    -O3 -DNDEBUG    CMakeFiles/cmTC_ec428.dir/CheckIncludeFile.c.o  -o cmTC_ec428 -rdynamic 
make[1]: Leaving directory '/home/dvrk-lite/ws_moveit_test/src/openrave/build/CMakeFiles/CMakeTmp'


Determining if the include file libavformat/avformat.h exists passed with the following output:
Change Dir: /home/dvrk-lite/ws_moveit_test/src/openrave/build/CMakeFiles/CMakeTmp

Run Build Command:"/usr/bin/make" "cmTC_ae4b5/fast"
/usr/bin/make -f CMakeFiles/cmTC_ae4b5.dir/build.make CMakeFiles/cmTC_ae4b5.dir/build
make[1]: Entering directory '/home/dvrk-lite/ws_moveit_test/src/openrave/build/CMakeFiles/CMakeTmp'
Building C object CMakeFiles/cmTC_ae4b5.dir/CheckIncludeFile.c.o
/usr/bin/cc   -I/usr/include/x86_64-linux-gnu  -O3 -DNDEBUG   -o CMakeFiles/cmTC_ae4b5.dir/CheckIncludeFile.c.o   -c /home/dvrk-lite/ws_moveit_test/src/openrave/build/CMakeFiles/CMakeTmp/CheckIncludeFile.c
Linking C executable cmTC_ae4b5
/usr/bin/cmake -E cmake_link_script CMakeFiles/cmTC_ae4b5.dir/link.txt --verbose=1
/usr/bin/cc    -O3 -DNDEBUG    CMakeFiles/cmTC_ae4b5.dir/CheckIncludeFile.c.o  -o cmTC_ae4b5 -rdynamic 
make[1]: Leaving directory '/home/dvrk-lite/ws_moveit_test/src/openrave/build/CMakeFiles/CMakeTmp'


Determining if the include file libavcodec/avcodec.h exists passed with the following output:
Change Dir: /home/dvrk-lite/ws_moveit_test/src/openrave/build/CMakeFiles/CMakeTmp

Run Build Command:"/usr/bin/make" "cmTC_be9a1/fast"
/usr/bin/make -f CMakeFiles/cmTC_be9a1.dir/build.make CMakeFiles/cmTC_be9a1.dir/build
make[1]: Entering directory '/home/dvrk-lite/ws_moveit_test/src/openrave/build/CMakeFiles/CMakeTmp'
Building C object CMakeFiles/cmTC_be9a1.dir/CheckIncludeFile.c.o
/usr/bin/cc   -I/usr/include/x86_64-linux-gnu  -O3 -DNDEBUG   -o CMakeFiles/cmTC_be9a1.dir/CheckIncludeFile.c.o   -c /home/dvrk-lite/ws_moveit_test/src/openrave/build/CMakeFiles/CMakeTmp/CheckIncludeFile.c
Linking C executable cmTC_be9a1
/usr/bin/cmake -E cmake_link_script CMakeFiles/cmTC_be9a1.dir/link.txt --verbose=1
/usr/bin/cc    -O3 -DNDEBUG    CMakeFiles/cmTC_be9a1.dir/CheckIncludeFile.c.o  -o cmTC_be9a1 -rdynamic 
make[1]: Leaving directory '/home/dvrk-lite/ws_moveit_test/src/openrave/build/CMakeFiles/CMakeTmp'


Performing C++ SOURCE FILE Test HAS_AVMEDIA_TYPE_VIDEO succeeded with the following output:
Change Dir: /home/dvrk-lite/ws_moveit_test/src/openrave/build/CMakeFiles/CMakeTmp

Run Build Command:"/usr/bin/make" "cmTC_e8bb6/fast"
/usr/bin/make -f CMakeFiles/cmTC_e8bb6.dir/build.make CMakeFiles/cmTC_e8bb6.dir/build
make[1]: Entering directory '/home/dvrk-lite/ws_moveit_test/src/openrave/build/CMakeFiles/CMakeTmp'
Building CXX object CMakeFiles/cmTC_e8bb6.dir/src.cxx.o
/usr/bin/c++    -I/usr/include/x86_64-linux-gnu  -DHAS_AVMEDIA_TYPE_VIDEO -I/usr/include/x86_64-linux-gnu -O3 -DNDEBUG   -o CMakeFiles/cmTC_e8bb6.dir/src.cxx.o -c /home/dvrk-lite/ws_moveit_test/src/openrave/build/CMakeFiles/CMakeTmp/src.cxx
Linking CXX executable cmTC_e8bb6
/usr/bin/cmake -E cmake_link_script CMakeFiles/cmTC_e8bb6.dir/link.txt --verbose=1
/usr/bin/c++    -DHAS_AVMEDIA_TYPE_VIDEO -I/usr/include/x86_64-linux-gnu -O3 -DNDEBUG    CMakeFiles/cmTC_e8bb6.dir/src.cxx.o  -o cmTC_e8bb6 -rdynamic 
make[1]: Leaving directory '/home/dvrk-lite/ws_moveit_test/src/openrave/build/CMakeFiles/CMakeTmp'

Source file was:

      #define __STDC_CONSTANT_MACROS
      #include <stdint.h>
      #include <libavformat/avformat.h>
      #include <libavcodec/avcodec.h>
      int main()
      {
	return AVMEDIA_TYPE_VIDEO;
      }
Determining if the include file X11/Xlib.h exists passed with the following output:
Change Dir: /home/dvrk-lite/ws_moveit_test/src/openrave/build/CMakeFiles/CMakeTmp

Run Build Command:"/usr/bin/make" "cmTC_8119a/fast"
/usr/bin/make -f CMakeFiles/cmTC_8119a.dir/build.make CMakeFiles/cmTC_8119a.dir/build
make[1]: Entering directory '/home/dvrk-lite/ws_moveit_test/src/openrave/build/CMakeFiles/CMakeTmp'
Building C object CMakeFiles/cmTC_8119a.dir/CheckIncludeFile.c.o
/usr/bin/cc    -O3 -DNDEBUG   -o CMakeFiles/cmTC_8119a.dir/CheckIncludeFile.c.o   -c /home/dvrk-lite/ws_moveit_test/src/openrave/build/CMakeFiles/CMakeTmp/CheckIncludeFile.c
Linking C executable cmTC_8119a
/usr/bin/cmake -E cmake_link_script CMakeFiles/cmTC_8119a.dir/link.txt --verbose=1
/usr/bin/cc    -O3 -DNDEBUG    CMakeFiles/cmTC_8119a.dir/CheckIncludeFile.c.o  -o cmTC_8119a -rdynamic 
make[1]: Leaving directory '/home/dvrk-lite/ws_moveit_test/src/openrave/build/CMakeFiles/CMakeTmp'


Determining if the function dAllocateODEDataForThread exists passed with the following output:
Change Dir: /home/dvrk-lite/ws_moveit_test/src/openrave/build/CMakeFiles/CMakeTmp

Run Build Command:"/usr/bin/make" "cmTC_8f54c/fast"
/usr/bin/make -f CMakeFiles/cmTC_8f54c.dir/build.make CMakeFiles/cmTC_8f54c.dir/build
make[1]: Entering directory '/home/dvrk-lite/ws_moveit_test/src/openrave/build/CMakeFiles/CMakeTmp'
Building C object CMakeFiles/cmTC_8f54c.dir/CheckFunctionExists.c.o
/usr/bin/cc    -DCHECK_FUNCTION_EXISTS=dAllocateODEDataForThread  -L/usr/lib/x86_64-linux-gnu -O3 -DNDEBUG   -o CMakeFiles/cmTC_8f54c.dir/CheckFunctionExists.c.o   -c /usr/share/cmake-3.5/Modules/CheckFunctionExists.c
Linking C executable cmTC_8f54c
/usr/bin/cmake -E cmake_link_script CMakeFiles/cmTC_8f54c.dir/link.txt --verbose=1
/usr/bin/cc   -DCHECK_FUNCTION_EXISTS=dAllocateODEDataForThread  -L/usr/lib/x86_64-linux-gnu -O3 -DNDEBUG    CMakeFiles/cmTC_8f54c.dir/CheckFunctionExists.c.o  -o cmTC_8f54c -rdynamic -lode 
make[1]: Leaving directory '/home/dvrk-lite/ws_moveit_test/src/openrave/build/CMakeFiles/CMakeTmp'


